163469
163415
175670
203330
150538
190941
168529
164071
203756
175378
175565
215847
247040
190007
167767
242769
180866
220806
228059
176792
170350
229142
240096
203080
190931
259686
221691
231738
205963
230150
251708
226694
166653
239830
163927
224240
218386
279658
218977
199042
176832
237416
245025
270054
237856
228123
166054
217215
262154
215640
228607
215807
220202
242514
261854
270427
254869
185471
282583
193152
218838
256896
208393
212116
203089
236749
244749
216179
206354
177697
216467
243677
231340
177421
165017
184399
251033
247390
165565
169125
212462
241688
189176
274876
185252
290026
249574
248940
220943
216216
196437
237727
187648
192291
240867
244383
197387
191720
290026
220710
