207082
207133
234241
224427
227897
202001
207262
231424
218135
236048
238216
237150
218180
248483
240238
244826
221583
225797
258339
238967
262196
233348
235751
253496
277426
250537
215767
235358
257521
266723
255356
254654
274699
237780
264437
234577
279383
274264
237070
256796
290343
286018
261460
249007
235881
215887
296518
303696
276458
247968
286434
267020
287550
248260
256024
312908
322762
298188
264961
247137
248981
272800
259630
287542
233168
283408
305382
258305
286892
252869
297704
343116
276109
295778
274153
249034
348977
247498
289637
256679
227457
267837
312627
260605
286217
234473
319653
330183
344751
250491
238843
263358
260327
251487
246144
299616
255744
244022
260459
274036
248409
272532
284136
301370
252479
298247
241927
236828
238147
254116
355476
255997
272036
289937
307776
264287
338737
244342
254400
262135
239983
257877
241532
293328
312449
242953
297346
302633
266386
284443
279015
280005
265962
255928
255809
271347
333721
267844
279754
244223
360006
346194
262900
306702
208984
277141
254530
286408
281384
274036
279151
290293
286893
249073
355584
288387
313981
333961
263221
303738
282055
266445
335088
283927
331754
283602
278912
254232
270085
271420
237446
332135
341275
250154
283635
271277
262847
248600
249465
306536
260716
252048
238198
245262
317415
344705
374366
270187
260975
266009
280068
290232
286833
239546
287023
299717
263431
289061
245546
296426
251200
284196
296256
275615
279929
284942
366999
261065
252641
284004
260460
353563
318888
256178
303376
280033
302015
379821
304625
233426
358310
266193
266929
284356
306529
241204
264249
357077
265555
278098
286610
306381
278996
300135
287003
330020
289282
374203
258403
228697
270523
293703
250737
374809
279793
312131
289949
250070
323582
237534
354453
309538
312597
299556
314815
286821
256320
338079
365539
343314
274839
287626
341695
269065
261012
279084
265880
295819
296978
304533
260913
281100
281125
262915
339455
341999
318737
371701
288452
318310
300755
259604
296758
309649
217338
280710
362729
291421
251399
289190
304287
293272
362259
275635
263218
230536
314241
249038
346251
269434
307292
290634
316123
236408
346656
303883
293395
245983
249409
264155
257777
264295
278605
297838
300263
302964
363952
306572
372574
320688
384309
263612
278984
325696
306876
289716
366721
337604
293563
384771
309956
316324
321399
216253
286771
341826
298248
295155
241899
242697
373350
316025
290584
304892
299536
282104
280724
279438
279250
312274
292880
286014
328394
289057
256887
291193
309170
260523
305749
308566
283743
364437
237697
265578
290188
361111
312794
246744
256435
317312
397867
315515
298795
268845
280476
318388
276959
317722
280505
268376
294462
374034
277205
279086
333967
280358
263276
285859
310586
328979
316882
317107
362518
344384
316143
392179
306908
307557
304794
398123
342957
267296
330070
218383
307792
291326
270660
282098
269840
305536
269150
265132
316584
272596
311769
313595
352742
256986
398123
292454
325015
311688
359749
346360
279164
363394
345539
269562
313638
290157
314763
386120
297939
301523
280660
275895
298698
330034
306053
318372
283495
362090
304255
257562
348375
284240
322595
307952
272747
324149
328741
307330
330869
290020
269372
333606
233430
271199
307097
298814
252400
301572
336736
309814
215171
283632
255842
284670
308061
319435
279986
236466
264291
279510
313752
250527
328243
305300
291300
293752
394222
283231
309755
279314
390899
267554
369600
294790
280446
301536
288004
315150
282936
296119
307321
262388
265356
314997
257957
301285
