246393
246457
246768
220558
221055
257864
251127
235468
247923
273338
290980
235051
245753
249962
253868
245188
247508
271849
248233
257251
251788
268651
268486
253980
256860
266384
254954
262632
290999
267381
252494
257182
267545
267074
246724
289962
313564
238126
269334
240642
277605
264804
268496
264806
311084
279702
271353
287821
298105
261742
269607
254434
255619
253217
287720
284932
272027
314316
264068
277051
271200
250140
247453
280594
294515
250750
275395
281850
261548
303088
248837
262351
300884
300116
297851
299682
285967
272055
293689
313723
313984
308260
263857
292027
248994
269310
249174
295664
305075
277306
271452
298785
268855
268558
310409
287809
286964
256962
319921
299506
276129
288879
269932
273606
289918
304412
322514
277725
293120
295852
260197
282066
283202
277264
252680
308688
272492
308914
255807
280711
289903
278518
290432
319529
318688
301776
327481
304036
292664
292094
320008
305999
321343
278245
292899
279782
287167
286205
282628
291040
303747
276559
256511
250016
301680
327674
294452
306688
277015
290809
303488
273525
272055
308573
268250
284833
294780
281955
310446
252652
311159
268842
326508
281361
320016
279953
257323
287841
276099
302283
277672
297757
307422
306516
294711
278385
285291
256144
266132
307918
323341
330186
304913
348912
332620
285170
292978
315884
296272
270937
299839
311239
280619
285873
281574
277220
266322
309913
287189
315221
327805
325951
295288
371701
270731
310566
259891
302001
312344
253839
320721
338389
276240
352721
332467
267375
319254
281403
377177
308841
287179
307627
335553
261821
276426
381121
304144
297470
265424
292040
343992
318519
245382
275033
269505
259346
276708
331329
283629
295532
296113
311315
272179
307115
357583
310791
284264
301196
343644
263725
280572
314321
312936
299517
356050
307052
315498
271773
285876
323732
341297
315720
327436
350436
380835
340138
291595
312717
274515
258563
323551
307109
319825
306898
289902
338367
300434
303759
276485
305415
292124
274811
313162
250759
318902
266617
281140
347753
272052
273711
285938
306966
297602
277181
278782
280334
318491
256653
340910
317343
308708
296279
315651
262000
300473
337025
344623
314148
307709
286199
271768
283759
285276
296942
272672
309467
298624
311044
299161
336298
299393
321896
338363
372271
273781
316659
259807
260115
324032
322520
288336
267054
319514
292286
308148
312321
299722
256423
324888
280914
263284
345343
295686
280137
390241
314949
316775
275111
291024
296016
345859
335351
299984
311129
290456
269635
291987
330079
296368
281721
283005
328271
299665
266810
305625
313712
326069
324617
310202
309288
365020
262538
344112
316805
355680
304063
291410
282428
292527
307423
306759
297466
280112
315990
337446
313790
313104
303151
339623
307793
303196
326621
339886
342808
329977
313293
302143
344627
300588
258921
321768
325900
319191
317041
263001
292932
281881
314790
328118
286004
272851
330912
310275
267606
287788
316360
293511
308888
300192
312325
275425
269661
299618
369513
279998
310793
314675
262720
287209
339298
278830
333736
336471
330150
283327
305674
278188
348400
247150
328142
339284
293303
321425
325958
303021
301273
406485
272276
305021
292606
299595
277823
356626
319766
308869
298820
319094
360481
281934
344971
324057
304671
319831
321472
310040
270590
325390
339786
253153
351944
367631
355281
311316
274082
294982
348062
404248
347130
306340
355075
323009
396112
263203
310818
314706
318251
302006
311730
262487
311130
257963
286072
306784
327538
292248
269695
306666
285613
300026
314812
270986
357756
304189
282355
280013
287317
265099
314606
311951
262379
385357
328241
421832
312074
284753
360180
322284
316389
352917
292223
300044
300867
292131
310739
333446
303898
328702
347773
315249
331599
282751
300362
370127
292091
262732
309502
308148
292519
369415
269723
293621
252366
332411
265925
326759
324148
320587
309183
321999
307558
307262
281085
287213
378303
327347
268556
300497
302473
304951
306004
380706
298196
332607
263820
290438
286171
303374
327141
255610
351243
374086
340641
331867
335589
350391
310594
350229
270914
321243
368212
270834
298946
324165
277396
312471
350647
302038
353450
358630
384539
299917
343942
259475
290733
303005
309098
287870
322667
348481
334521
320436
360660
305288
328115
389943
297214
339077
287134
256635
359302
363014
306674
360485
294541
311866
307805
277049
334203
306563
280852
330462
252426
337792
285658
325133
325118
402997
333731
291896
291249
354364
315080
366560
359584
343833
377455
277772
336518
378806
335860
259964
283236
310589
295237
338565
354585
333031
309578
283940
348304
295562
263969
341638
326697
294097
301903
305983
275756
272154
334952
394275
378960
279552
371403
260414
352134
340070
280590
327907
322909
366220
332133
284907
317770
270273
294821
335702
304501
306737
314143
280701
329639
309495
266102
384550
275782
320222
361886
339453
331980
307528
293399
293627
308063
290789
396236
409370
316592
395095
333289
331656
292402
315452
310243
271701
309086
330309
290004
316119
331405
309033
350460
375109
326041
322109
317996
298386
313136
318924
335408
325652
324017
377142
306502
293998
354446
364848
312999
304528
343112
283612
313087
296577
275417
324683
369715
311940
325235
338336
299011
293218
297361
365130
265239
292361
336158
312466
340278
343613
270804
304119
286289
319201
314942
279521
374717
328627
303920
325935
290216
307118
360952
300482
354288
272637
301397
347385
381416
350263
315494
292621
347413
308830
367943
311082
333270
290668
358639
263079
308982
273541
284510
319131
331922
273848
280983
278673
389512
345301
360938
340957
349151
415604
295918
380004
315602
394292
278299
356509
343771
342103
337663
281129
271838
364154
323898
284898
324775
322231
344792
341661
317946
330551
326885
319645
322824
339835
338544
311436
332479
336284
307862
332964
290076
271766
329040
273339
284307
312603
327308
288186
389964
366629
301067
394496
285618
341551
315994
295034
314480
247288
387257
384606
305356
307713
363720
334663
356185
302908
299313
332306
297841
350880
330807
335082
337779
321834
349367
310978
376549
284883
368028
403005
308503
354007
303670
297648
314930
344764
304212
352177
304382
312806
384784
319983
314634
336519
300571
347502
321308
334304
386382
350940
315259
384401
299794
366206
314346
385919
287350
268746
388433
350398
335960
319933
350869
390646
303923
315222
367191
307489
257419
369963
327470
340165
282483
280315
306985
398027
342915
343454
321792
378083
222571
269242
384280
389960
268929
337905
370035
281779
300504
285617
342126
412881
413298
309718
294130
394699
321368
366056
362318
421578
281996
375678
328705
339976
361817
280479
316437
312209
357200
278764
265870
342010
429881
283596
346775
261385
344258
332039
342537
315551
380886
310991
392312
281154
307170
392335
333864
287099
320578
329968
334644
336817
258090
297912
396408
327490
336299
351649
310935
272077
344165
349844
331698
287757
362665
311998
313844
286364
339284
326008
295397
325981
304606
304383
364881
332446
302670
429881
302220
282579
336600
337284
354333
281576
341898
286881
248994
