1203
2
3
4
5
9
10
12
23
24
29
32
33
34
35
36
39
40
41
44
48
51
52
53
54
56
57
63
64
69
71
72
73
74
76
77
78
80
82
84
85
89
90
93
94
95
100
103
106
108
109
110
111
112
114
115
117
118
120
121
123
127
137
138
154
156
157
158
159
161
162
163
165
167
168
175
177
179
181
191
201
202
203
205
206
208
210
213
214
222
226
227
230
231
232
233
236
237
240
243
244
249
253
254
259
260
261
262
265
266
267
268
270
271
272
274
275
281
282
284
286
289
293
297
298
301
306
315
316
318
319
320
321
323
324
325
328
334
342
343
347
349
352
353
355
356
358
359
360
362
363
364
366
367
368
370
372
374
375
376
382
383
384
386
389
393
395
399
400
401
402
409
412
415
417
419
420
421
422
427
429
432
435
436
437
440
441
443
444
445
451
459
462
463
467
469
470
474
478
480
481
482
483
484
492
493
494
497
500
505
506
508
513
514
515
518
523
524
526
528
529
532
533
536
537
538
550
554
555
565
567
571
572
573
576
577
580
583
584
585
586
587
588
591
597
598
601
608
609
610
611
612
613
617
623
625
626
632
635
636
642
643
648
649
650
654
660
662
663
667
669
670
671
675
678
680
681
682
683
684
685
686
688
689
693
694
700
707
708
711
713
715
716
719
722
725
730
731
742
745
746
748
749
755
762
764
771
777
778
780
781
782
788
789
790
795
797
799
800
805
806
809
810
811
812
813
814
815
816
817
818
819
820
822
823
827
828
829
831
832
838
842
844
846
847
850
855
857
864
871
872
874
875
877
882
883
888
890
891
892
893
896
898
903
904
908
911
912
917
919
920
921
923
927
928
929
930
933
935
937
938
939
947
948
953
955
957
958
959
960
961
962
963
971
972
976
977
978
979
981
984
986
993
997
1000
1001
1002
1003
1008
1009
1012
1013
1014
1015
1016
1017
1018
1019
1022
1023
1024
1025
1027
1028
1032
1034
1038
1039
1040
1043
1044
1045
1046
1048
1049
1054
1056
1057
1063
1065
1069
1070
1076
1077
1078
1079
1080
1081
1082
1083
1084
1086
1090
1091
1094
1095
1096
1100
1101
1104
1115
1122
1125
1126
1128
1129
1133
1134
1135
1138
1143
1144
1147
1150
1153
1154
1155
1157
1160
1163
1164
1167
1168
1173
1181
1182
1184
1187
1189
1190
1192
1198
1199
1201
1202
1207
1208
1210
1215
1228
1232
1234
1235
1241
1244
1252
1253
1259
1260
1264
1265
1268
1269
1270
1278
1279
1283
1284
1285
1287
1291
1293
1296
1298
1303
1304
1305
1308
1320
1324
1325
1334
1340
1341
1342
1343
1346
1353
1355
1359
1361
1362
1363
1367
1368
1370
1375
1376
1377
1382
1384
1385
1387
1389
1393
1394
1396
1399
1404
1406
1408
1410
1411
1415
1417
1420
1423
1431
1435
1436
1443
1462
1463
1464
1470
1471
1472
1475
1480
1482
1483
1488
1489
1490
1494
1496
1502
1503
1510
1512
1525
1530
1532
1533
1535
1537
1538
1541
1542
1545
1550
1558
1561
1566
1576
1577
1579
1580
1581
1582
1584
1585
1586
1591
1595
1598
1605
1613
1616
1617
1618
1620
1622
1623
1634
1640
1641
1646
1649
1651
1658
1667
1674
1679
1681
1682
1684
1689
1690
1691
1692
1698
1699
1700
1708
1709
1711
1712
1713
1718
1723
1724
1725
1730
1740
1753
1754
1758
1759
1761
1763
1764
1765
1767
1769
1770
1778
1779
1784
1786
1789
1790
1792
1795
1797
1798
1799
1812
1817
1818
1819
1821
1826
1834
1835
1842
1843
1844
1846
1849
1850
1852
1859
1861
1865
1870
1882
1886
1887
1892
1893
1894
1895
1896
1897
1906
1910
1911
1917
1920
1926
1927
1934
1939
1940
1941
1945
1947
1951
1952
1953
1955
1956
1959
1960
1962
1963
1964
1966
1971
1972
1982
1983
1987
1991
1994
1997
1999
2000
2002
2015
2016
2017
2021
2034
2035
2036
2037
2040
2041
2050
2056
2059
2066
2069
2073
2074
2075
2079
2084
2087
2089
2090
2093
2097
2099
2106
2107
2113
2119
2120
2122
2123
2126
2132
2137
2140
2141
2146
2156
2157
2163
2164
2166
2167
2169
2179
2183
2184
2185
2191
2192
2193
2194
2195
2207
2211
2219
2233
2243
2244
2245
2246
2247
2254
2262
2267
2270
2272
2276
2281
2289
2294
2295
2296
2299
2300
2303
2307
2313
2314
2316
2317
2323
2324
2329
2332
2337
2339
2341
2343
2348
2349
2350
2351
2353
2360
2361
2362
2366
2368
2369
2372
2376
2386
2387
2388
2389
2395
2399
2400
2401
2404
2415
2416
2417
2419
2423
2427
2428
2429
2437
2438
2439
2458
2464
2465
2467
2470
2473
2475
2476
2478
2479
2480
2482
2484
2485
2494
2496
2497
2510
2514
2517
2525
2529
2531
2532
2534
2546
2547
2549
2550
2553
2555
2558
2562
2576
2579
2583
2590
2591
2592
2595
2597
2604
2605
2608
2609
2623
2624
2637
2639
2648
2654
2655
2656
2659
2662
2670
2671
2678
2681
2683
2685
2686
2688
2696
2708
2712
2714
2717
2718
2724
2726
2728
2729
2741
2744
2752
2753
2766
2771
2772
2773
2778
2779
2780
2787
2792
2797
2805
2806
2808
2814
2816
2823
2824
2828
2829
2830
2842
2843
2854
2865
2866
2867
2868
2869
2870
2876
2883
2884
2887
2898
2908
2920
2926
2929
2930
2933
2939
2944
2955
2956
2966
2967
2971
2972
2984
2992
3000
3023
3039
3043
3053
3055
3076
3080
3085
3090
3091
3100
3108
3109
3116
3117
3118
3119
3121
3127
3129
3131
3132
3135
3140
3143
3158
3159
3160
3172
3181
3203
3209
3211
3212
3214
3229
3230
3246
3256
3261
3267
3270
3274
3276
3281
3290
3298
3299
3304
3305
3308
3324
3328
3335
3336
3337
3341
3342
3343
3344
3354
3357
3358
3370
3374
3387
3401
3403
3406
3428
3432
3434
3435
3437
3452
3456
3465
3466
3488
3498
3513
3514
3515
3523
3525
3526
3530
3541
3547
3559
3560
3569
3571
3577
3578
3582
3583
3586
3602
3614
3622
3643
3645
3654
3662
3668
3676
3682
3683
3690
3698
3699
3720
3723
3728
3734
3739
3741
3745
3746
3749
3768
3775
3776
3781
3787
3800
3801
3824
3829
3830
3835
3842
3845
3853
3856
3862
3866
3871
3890
3893
3897
3899
3901
3920
3921
3931
3938
3944
3954
3975
3980
3983
4012
4013
4014
4037
4059
4064
4068
4070
4091
4098
4113
4121
4137
4138
4142
4148
4155
4156
4177
4180
4185
4188
4192
4213
4220
4221
4222
4237
4244
4249
4261
4263
4270
4358
4360
4377
4382
4391
4392
4393
4411
4430
4442
4456
4466
4480
4501
4524
4526
4549
4565
4591
4607
4610
4667
4669
4715
4803
4906
