320
2
4
5
16
22
23
26
27
28
36
39
48
49
50
51
54
72
78
84
85
100
101
102
108
109
110
115
120
125
127
130
132
141
145
147
148
153
154
156
160
161
163
164
171
172
173
185
186
191
192
203
207
212
219
225
226
227
230
250
251
252
254
256
258
260
261
263
270
275
276
280
286
297
298
300
302
303
304
305
310
312
314
321
323
329
330
342
343
344
351
363
370
375
377
383
384
387
395
396
401
407
409
411
421
425
426
430
436
437
448
452
453
458
478
485
489
491
492
493
500
501
509
510
524
527
538
544
545
556
558
561
564
568
570
588
589
595
596
597
613
619
625
627
642
644
654
672
679
694
696
697
698
699
709
710
713
714
718
738
745
746
747
748
759
760
764
765
767
778
779
782
800
802
803
804
813
814
815
817
827
842
845
851
862
864
866
870
873
874
876
878
881
896
898
901
902
917
922
923
929
932
934
935
953
959
967
986
991
997
1004
1017
1027
1035
1036
1042
1049
1059
1072
1073
1085
1093
1118
1121
1129
1145
1149
1167
1169
1171
1174
1176
1179
1183
1186
1189
1196
1206
1212
1215
1222
1232
1242
1249
1260
1264
1274
1278
1282
1291
1294
1308
1319
1328
1368
1370
1377
1379
1380
1381
1382
1399
1410
1412
1418
1429
1431
1434
1455
1458
1460
1483
1488
1491
1493
1533
1535
1551
1552
1555
1558
1567
1569
1617
1620
1626
1656
1682
1687
1700
1709
1719
1723
1734
1749
1753
1775
1776
1782
1788
1797
1828
1832
1850
1854
1861
1863
1864
1910
1919
1930
1948
1987
1988
2057
2061
2102
2109
2123
2159
2248
