241
1
2
3
4
5
6
9
10
11
12
13
14
15
16
17
18
19
20
22
23
24
25
26
27
28
29
31
32
33
34
38
39
40
41
42
43
45
46
47
48
49
50
52
53
54
55
57
58
59
60
62
63
64
66
67
68
69
70
71
72
73
74
75
76
77
78
80
83
84
85
86
87
88
89
92
93
95
96
98
99
100
101
102
103
105
106
109
111
112
113
114
116
117
120
121
122
123
124
125
126
127
130
131
132
133
137
138
139
143
144
149
152
154
156
165
166
167
168
169
170
171
172
173
175
176
182
185
189
190
194
195
197
198
200
205
206
207
208
214
215
216
217
220
221
222
223
224
225
231
232
234
236
237
238
239
240
241
242
247
248
249
250
251
252
253
254
255
256
257
258
259
262
264
265
268
269
270
271
275
276
278
280
281
282
289
294
296
297
302
303
305
307
308
309
314
315
316
317
318
320
321
322
327
328
329
330
331
336
339
340
341
342
343
347
349
353
356
359
360
361
362
363
366
367
380
385
386
387
390
391
404
405
412
418
425
431
432
439
443
444
449
