344562
344514
335220
351593
369295
378810
357002
333197
311619
402673
303130
401264
301966
364718
391989
308902
356011
365876
349075
325688
337812
362265
330442
374187
395187
312967
402803
352454
337023
314480
356903
355928
325681
385361
368217
326796
377387
370254
366727
308723
384733
395795
360361
379031
378586
358989
388574
312201
407568
374700
378366
362142
395986
356559
424099
407107
425540
386472
363134
416804
371320
353217
341776
362383
425014
420035
410682
437069
321659
350580
374275
327623
372223
390027
436613
377730
422529
385453
360282
358688
431324
311222
385052
392565
456473
315708
425675
346755
390942
359661
387559
378455
350172
373601
360837
338855
329260
367571
445369
317805
383327
372610
403863
357557
393566
379656
370760
363330
399310
447671
406203
362022
386359
382890
377803
402417
426202
405847
339338
363827
354383
379186
414394
428918
367327
394336
380501
383435
349427
353339
394571
421484
399238
342140
373684
408220
409616
433505
402593
445990
362712
372674
472823
318711
326825
383629
391276
428319
414452
423294
418574
370987
438365
420489
354689
364409
398514
387074
436030
380358
393095
370087
373910
397891
403591
479074
379738
434140
431011
376557
407596
444059
399043
382518
422724
444225
361805
353011
437424
405600
362973
408066
380807
398927
347771
390744
423741
340305
395161
408874
395687
340209
377140
400332
383771
381719
434601
341529
428674
441870
439772
314741
395569
334499
401028
371359
416032
428820
444444
412494
368667
365025
352268
351236
450230
331903
462003
375697
414553
341318
384419
438286
394624
379395
400426
402553
469343
393184
394447
436992
361928
413589
333298
440879
360378
348956
400130
388374
353193
453619
358078
410256
431153
467300
411022
413568
368890
386920
355715
408498
385032
435115
420997
367259
327241
423922
335494
327933
431178
376020
384564
340151
398975
394996
417915
421767
392063
416925
393559
354867
380336
391680
390099
391235
357952
414460
450450
401510
439165
398474
480072
370459
378157
367466
413492
382247
428846
369998
400041
459553
335585
343636
420504
380143
330208
410298
362212
388205
429248
370955
355573
382420
468638
455549
387598
390415
430438
374391
431593
333044
475085
322717
388734
370368
429903
446744
416670
474378
442889
445246
369915
444478
362578
365686
404841
383593
441026
441642
462848
412612
396524
434041
387561
402918
345651
433287
361525
344422
360006
414591
404252
406380
412618
364555
472022
427581
429526
418655
432925
448757
490996
423372
423563
443375
433462
430049
382052
346655
427690
371378
432495
367677
450358
424539
467238
456946
406165
394314
433850
367511
375355
401677
455774
365507
371090
395957
418917
473406
425528
492892
396524
333266
415997
361356
421264
434312
438079
380825
371137
402735
351565
361831
462174
390975
356195
394536
395315
397966
411124
452791
350839
323876
329440
363904
418872
393310
363306
406076
380636
412966
396038
449238
366528
381751
362125
412256
408170
390870
409020
350806
476988
424025
331198
410620
394524
363990
365252
424631
450097
437871
454777
434505
457917
410985
339734
414019
398604
444086
458040
367473
472492
375537
468473
344067
436414
465092
385521
398526
423708
410328
461031
395362
385080
470840
451595
448400
380240
379117
373039
427610
383184
427014
479076
402518
312435
440527
353575
482919
419966
409720
409293
465277
392053
435910
419049
355378
382575
404613
479896
357902
395789
374559
407388
477681
414120
435712
415186
401088
382870
413983
397918
402265
321858
446259
359215
412291
373762
448636
383257
409171
414384
363704
426068
420930
368369
467188
398008
375905
394331
394305
476860
396679
435458
411300
363393
438984
456706
408291
415121
463912
418004
405008
470603
393860
462156
398886
446760
463378
376544
375475
491033
415589
388471
471850
394275
457039
410541
391853
408620
421918
439506
368486
440287
407399
366099
430698
433148
389774
353360
354365
487132
377854
418485
433477
382023
404669
421203
356286
429983
446095
330189
380613
448317
368338
442748
396891
424884
343287
489330
430599
477217
371202
437432
410882
425657
424930
383880
429110
396035
467843
388598
414998
367116
465751
359402
430963
503250
395577
466037
452286
419687
410663
447976
442006
446503
460268
499534
382537
402134
406112
373839
437874
323109
425795
463773
402401
463437
391504
409603
400950
473987
504546
380302
437302
434940
402981
403418
399929
479852
419623
480235
402783
343405
367353
387397
377693
383968
355578
406453
415031
393357
358173
384485
469372
413421
390342
438096
475530
395926
456506
418576
350775
523387
474327
483709
425283
481545
476864
440291
406820
404020
373352
400063
451204
380602
438519
420902
469971
491597
410351
369920
469422
479469
427998
328361
488626
444553
432614
399223
427950
342983
385252
469208
477665
406414
446318
360926
462993
399143
431044
377931
441565
488563
416515
411170
439903
311088
403004
319587
415981
419411
489992
426862
404241
407586
405286
390426
373965
424880
343585
438665
428453
435057
436632
412086
427152
431197
322287
442908
387598
502841
367314
434166
357988
505830
467905
432898
389179
425149
436127
411862
433180
428810
434500
393562
442974
424747
437542
351946
323106
394481
378038
493036
372094
436469
466822
395316
401344
389723
373308
412328
405571
358371
367927
421839
463213
416842
467749
477223
444163
347790
413619
463068
390322
479044
394366
506364
399645
411771
465124
400220
439106
484217
387300
404695
451218
372094
462052
385403
338860
404344
425569
384460
391097
379958
420443
413882
412795
455435
360954
338781
450547
397624
382693
339672
379375
410527
443003
442597
398368
416600
382763
421853
449376
453881
482713
457156
443405
465425
414616
374137
389905
370107
365968
403270
440783
445980
426867
422501
484020
383422
402569
439545
423261
427555
348017
442000
374698
413715
371403
352639
421163
423743
414863
457240
377894
374801
373483
393522
444082
339767
398715
392867
443969
405831
416401
435383
455914
363867
458374
459153
388987
443733
419724
433385
403933
408467
348048
462358
374634
467675
455522
434417
399497
415410
491577
363396
439412
414275
490385
392014
446516
424283
432654
413267
368656
340649
432749
417322
398673
487430
397884
381522
387961
431277
424767
474614
486122
399760
492837
372824
428191
450117
380111
432425
342404
399260
416874
497132
503198
430717
403745
382809
490237
330307
391406
426746
434534
342966
379468
363059
370806
429299
378225
388220
398069
364147
479410
443041
377695
412560
437253
394711
400800
375969
333902
453018
389582
459493
464052
435584
422243
457016
482767
460845
384525
408494
481571
380800
504139
501535
385301
388321
427162
400316
446844
408487
416499
407321
469831
466897
447401
416205
410881
391626
408719
486718
445423
413297
380671
402582
399047
388322
475974
400434
337054
384246
532724
433673
352396
390970
376878
439274
397445
339152
440608
379663
464130
390129
409040
364595
437496
356789
462262
422918
451817
406227
411100
410657
447458
451433
488508
378368
320670
362044
496666
473039
453108
488998
484080
453887
523298
418713
403473
390083
426235
394431
352635
395023
369334
413294
450270
389944
432095
490220
390160
447733
362947
484451
393539
332375
430292
488033
401284
399254
318431
386172
338536
387784
423362
412272
415146
430413
464081
399165
412360
469854
345238
422504
385373
377738
374779
402411
460361
455842
360096
448488
482683
408458
379642
423027
404361
401190
420093
411253
334746
437351
421367
420379
509858
408562
393105
452764
429702
330191
498014
429968
405736
369136
372136
353182
415166
370018
386061
466784
446678
387241
455812
480214
430057
477037
412530
485863
393302
409754
361048
496781
391793
325230
374252
487855
381883
398497
393924
399056
452624
383722
461621
401119
431357
423183
439034
443331
414345
435211
390223
464706
416272
469965
421317
476209
460454
402938
398347
410289
405791
480512
451258
431834
337488
452655
353135
509009
348743
400790
377216
405627
332624
410372
400607
371994
390248
438648
479029
409698
404395
435818
363293
432603
421563
447519
470673
419842
372245
377805
384767
491084
390688
463676
418058
438296
412578
377448
403898
491136
425735
342559
358181
429697
451551
482395
396214
432874
432774
437514
495349
393405
469554
464554
457211
420867
481026
388793
364380
403097
446432
388252
429257
357568
451031
442840
477125
417342
392750
410549
497669
401684
521171
445089
389232
362532
479333
452704
396895
389377
463733
469760
508957
407651
356823
388819
325648
455994
411619
427548
404585
408784
386955
327861
399685
457145
427116
406947
409172
464835
462573
398492
376313
395167
448138
410276
404312
416784
324618
389397
515302
457368
450068
441577
442251
380462
411310
478745
365103
411914
406190
367009
453528
398075
426920
471669
464163
450535
457653
465600
485594
399578
449127
381719
361023
463920
371939
486303
405509
404210
498790
444834
373547
426292
407720
368460
408381
447827
396656
447310
360837
409513
418586
382118
378078
513595
465363
428744
417893
368794
431625
475641
397912
454896
350468
505313
510988
438385
385375
435088
475778
498802
450562
410161
473052
517947
428826
396068
415616
371441
454552
411368
435327
379273
492099
405749
414903
437999
491770
511893
461691
403736
352543
458260
381758
433576
371459
419760
390027
488120
423830
474218
494351
384836
451677
444093
415577
400418
354288
346436
421788
363824
387179
309549
382614
427151
417825
459004
443494
339383
431308
504927
342024
436943
409058
463202
466122
390446
431745
455347
419993
387658
456372
445518
393972
375320
384128
377584
426877
430081
433812
400069
479217
354197
414160
359736
397250
379475
453544
392357
463864
416859
383869
532314
362700
450923
374465
385689
406513
356043
405371
426512
397975
444640
449895
471091
430271
426289
442477
360407
451162
448063
454903
515776
412006
505539
437604
418142
471726
391956
397053
380703
500519
333816
364756
499384
455231
330429
401558
448034
433771
442979
430599
459036
384076
432268
428813
407334
390883
425947
438289
464879
385921
425360
378783
412143
429647
412711
503397
451658
493155
453589
374199
423119
484982
389073
356265
429164
418231
346683
398548
469803
494890
385057
448573
364252
488286
432268
510815
433546
429341
453376
335379
386332
376308
451238
474346
409766
451750
529722
441651
367512
429716
395646
441323
417071
414246
426869
484713
389795
471400
423758
406192
458668
500720
433426
432182
417879
422615
458797
446651
507894
323516
430682
429266
409018
418952
450498
515432
448693
386367
356627
373035
437757
445143
379644
395924
399732
394172
396267
372277
379188
409111
441102
400174
440266
461615
369167
371570
474969
450943
558728
449069
505021
522300
417890
426317
492581
389915
357617
422734
419481
439256
397423
417783
398298
447240
523523
451196
380154
503608
429105
441804
375873
491196
429488
413587
414041
453392
473385
449201
482044
490228
329246
351070
470793
368224
424076
348619
429483
479635
405107
420220
411094
396358
395372
497043
403473
370651
438251
415342
438976
447971
493561
408355
395833
460424
415433
436641
371351
420742
383411
459621
485993
498001
355491
422624
418723
476410
365922
483065
511603
506870
407485
370712
444811
360704
414858
468812
404219
378950
411130
399954
420269
392076
424316
504756
451302
410867
479158
422417
409078
482064
433700
506214
468813
435975
445086
405872
427070
492501
462357
438381
449235
341456
356768
380960
433431
397979
520875
442968
436489
494216
407582
372012
434499
459495
391850
386762
387087
453832
427811
542946
461233
379590
434709
459606
374133
441353
494051
479587
449821
420735
476518
501149
501785
385416
402741
468165
359129
438288
377361
412158
423688
480583
493256
417556
438056
457732
506166
441085
455891
446116
360618
460987
419112
414628
377494
439228
422842
437828
521756
476932
478904
461258
524554
425619
393403
361483
496235
451872
388836
461782
482029
389657
432526
451738
502380
434225
394520
383681
428337
395693
505253
513677
442268
413834
417391
417491
361976
415331
387123
427480
370167
517428
484071
476527
392434
483881
420104
505818
357600
467772
372293
450919
392757
414420
458685
409891
399914
436679
329373
460648
449937
477192
397319
427775
415268
314964
427729
419255
430534
440996
451367
446014
444037
488889
437875
413405
443971
450205
397510
524780
395795
438380
410709
510979
427905
461484
432682
370489
439695
473558
491657
373910
440428
483449
428544
392914
410843
459596
472270
377414
436777
471503
398575
368133
458081
491895
528705
502956
374347
421265
367694
494570
436104
459568
434963
419045
366404
402553
528157
437204
482127
445489
424216
448825
448952
372689
395839
467834
405338
392135
427573
423560
437555
416275
361861
453297
428868
374177
343895
452646
393957
478434
495036
403988
436612
476416
314795
374599
480915
423503
408936
449096
457893
454458
399532
470344
388227
389765
406857
438255
417073
495205
440713
436919
407059
414044
401828
489280
514647
458220
505570
469739
418558
377392
403932
484004
415519
439392
492667
400859
440461
342729
443192
376977
482391
421320
414681
398695
445365
435423
391289
479056
455414
419583
469400
358810
419408
396724
396906
409480
413917
496799
460265
437039
445377
402678
511315
390203
453477
518292
475009
452061
348712
415001
435393
331250
362008
428640
459255
492942
427841
423442
352468
422837
410585
439515
384768
469009
477422
501145
502236
454701
440076
466749
381372
369819
376841
437632
466372
442610
447053
519667
476641
445134
427370
472954
390101
362659
416048
483707
417900
463087
471788
400345
446638
397879
412842
454560
425863
456971
414404
458911
530967
441064
356933
447403
456094
374255
406703
478009
429335
437724
400173
459973
348053
378795
415364
498805
457694
426566
453082
371966
349488
404092
509825
416072
450503
415726
476530
423624
415731
366805
386024
420614
389113
495812
478207
434921
469060
434218
356773
433347
544213
414021
506870
429649
497127
409183
407544
500548
499245
414576
510660
496066
364384
489943
393798
430519
429814
504656
418799
431293
411803
418931
424066
420310
425186
386472
473992
482000
405575
412184
372034
521810
408431
512500
519245
394478
402355
406176
474176
458647
391860
357423
412517
511526
438847
447395
390704
417029
478940
519567
464284
436478
425411
375903
458785
439916
446854
376492
459054
418780
384050
445729
540975
495914
465851
428158
428520
414725
489284
504409
397833
495701
349547
394413
374506
459698
437988
452427
378763
443193
430737
440320
528428
481160
473031
409821
389018
422128
419349
465563
338877
426062
502537
497803
410880
340396
420662
401085
377022
429102
493713
454200
453698
482993
500237
338374
440713
376664
452447
457947
496942
360413
431995
404196
332524
500715
366859
423772
342804
433853
424591
442134
443937
440782
397010
445879
460405
385836
453144
472088
334719
470989
525188
408871
459691
451006
464182
406387
416528
351593
421737
408279
417501
457186
544963
447072
385572
439439
357278
407587
452868
404225
435427
431834
390130
522650
440737
426279
423062
480188
396892
522950
419952
425206
344076
414661
447718
435713
387268
478656
338065
469885
444046
469860
414823
478505
501452
425761
427988
397790
430734
480459
491193
483658
376957
510002
383688
505300
551451
423082
415476
445087
383482
404125
472265
396696
523215
384515
399027
465192
452334
350739
515578
494098
437371
480184
445279
450095
482445
438209
416109
450738
506037
461382
419049
400449
463093
406272
426860
398279
390831
407248
420065
393541
351390
454616
406725
453095
412549
399721
331346
418554
463542
483536
406975
419211
510466
365341
494239
463618
391869
482050
371549
422351
444090
480531
533461
497828
403701
358717
404814
464983
403144
537733
374836
536794
520109
504025
417263
409010
430518
459906
421328
357538
531377
455342
436015
367022
448465
445058
404791
442720
445457
517917
447569
494822
490673
431415
501711
480185
435927
396423
441269
479281
375893
498959
442420
429472
469184
558741
424592
448971
365049
397109
393826
369256
469741
391599
501375
343593
453674
445588
495533
472527
450980
363928
410933
483292
402230
369379
450329
417098
358463
419957
469497
446830
472745
456603
464394
450799
451483
496866
377593
440126
420251
443996
447724
495939
404429
325656
524887
461217
421291
508724
389638
416985
392731
444892
510751
486264
374217
371398
484456
461057
353331
427000
382070
473879
448048
426739
528778
527710
390365
382357
414141
433230
465092
408718
441397
510824
340836
414234
476205
352854
468593
362344
416355
447655
488900
374895
424247
427323
377115
454294
523192
374589
490066
496768
409622
436875
515206
429551
496888
461919
433964
452520
482298
437886
448721
515480
458894
507980
445494
420438
443543
376992
418822
404275
469872
446438
421477
434677
457397
405685
352434
500922
413407
361150
414487
471269
466022
399544
405305
396253
469364
504035
489227
412834
385355
369955
491122
411761
463021
471307
433499
391367
382015
453046
439599
359717
440389
456310
460206
480314
409882
427258
417122
462144
408166
513805
432338
533516
458053
331641
453647
450146
479080
450050
479352
521625
336889
395764
446838
383997
462507
467187
463823
417258
451489
325791
450446
462542
529334
401718
448951
389455
521593
414224
458614
433052
399733
488620
504036
421973
333830
391806
376094
405004
378955
333550
508287
411700
418063
416032
460739
387299
506981
446341
407265
444378
457147
435546
472215
472336
404588
460095
383119
416918
336796
497710
401299
415840
439673
526121
390428
418319
384954
462666
441265
401782
490999
428904
391520
528915
429355
404630
469464
506317
508424
509011
508724
416323
394874
390511
537390
443756
448718
411679
418183
408222
530262
350004
467825
425681
445673
419866
502103
381327
428557
416740
454616
412584
418955
429306
472807
416554
472276
398065
465512
416057
482345
451063
487405
454009
354345
481785
422350
515139
313744
428084
389621
506446
389391
414013
395579
444704
463804
445223
521211
471359
535245
388261
432051
497342
350603
467822
414027
402029
383165
369471
435516
350005
428267
427831
441085
393831
367702
414836
411797
456383
360031
489542
394007
368541
447772
360255
469469
438130
376252
449179
376540
401850
312212
474078
478241
421020
474199
501197
472079
470194
463071
386282
432321
351989
508355
446277
385846
344969
398703
462918
462446
498151
389048
464347
459123
391443
476920
410833
463987
395028
466826
424858
340631
422498
490194
373434
473158
369649
399063
412551
405786
386985
420738
394527
419895
470366
405199
405116
464313
419845
393811
439543
457295
448877
393531
413023
415578
500822
401569
461954
470623
432070
472411
425989
511203
376326
387960
395346
333721
396522
375681
369020
390217
406071
417390
440511
365134
407383
377830
519879
423788
479396
522388
377720
435009
392089
441080
360314
471307
437485
528014
405537
511963
466923
469556
438018
391372
400356
405354
444021
474492
520297
485940
451894
431720
482240
449718
390618
481006
523512
417922
469641
477507
427992
545401
483322
415790
403489
493133
426708
451240
392516
441359
409683
439541
469957
443534
382535
458438
417355
462378
454951
358322
494662
424997
382001
354535
454952
419204
360451
434672
432627
421191
533764
532229
492508
438549
492940
381108
420229
437178
506080
493461
487134
418623
552211
443823
394307
462587
449423
507305
374850
412524
427244
367859
488520
406852
404691
485312
469740
402200
426598
389271
399285
439733
478275
482116
427061
442139
379018
482458
440982
427965
480450
464455
441287
414101
393289
481387
392820
373466
559156
428400
378703
422833
400787
453785
455222
437878
454803
385600
464744
410871
441435
371225
484932
455864
456903
433241
441540
560784
392916
413833
512100
479816
382420
431071
452088
418106
431131
382447
450030
398609
490687
371267
430974
422730
454241
542835
401263
454232
484163
422763
350304
426612
407081
435358
510504
445746
431849
394127
423310
442532
378020
509516
463997
443532
405774
514100
397535
374907
436716
446275
399408
455724
468050
480934
468971
448227
384031
479224
458115
490798
527197
356779
449374
435824
436569
449705
389651
391221
459353
483243
452217
446689
440449
428089
376842
492459
391827
488808
392013
443328
496543
401325
336491
397826
505825
399612
426546
421387
518293
408823
446256
396136
426022
384629
412879
443084
460318
437676
488962
460601
514241
390296
446718
523307
408878
439654
420113
407605
474114
459159
513844
500258
414892
441137
556142
385912
449012
471766
390116
465617
473638
445105
456327
375983
497685
395194
417890
387419
401188
360594
493261
389500
491987
525058
471286
405231
429192
463308
464568
461370
447568
363424
422292
397374
455819
442503
461607
461371
401646
394574
463554
489209
504673
386030
343917
390198
471106
483226
476514
387684
431064
436099
488920
526785
495559
521643
501880
395646
501730
471528
405645
461177
422679
404134
328823
497198
470308
462297
422597
481045
346536
384557
531166
466886
455825
457925
412750
426945
412200
404740
499991
540264
429365
434251
468234
436884
449472
443784
357385
473360
427145
417183
345286
435770
431379
452551
550178
529036
587140
430432
409379
360648
399969
404855
506724
393686
416796
487887
365696
463174
364178
541292
419180
317015
476084
493993
514342
395501
456954
412412
490428
427280
430349
328945
393269
330567
562605
396384
454565
386260
431135
418932
485086
432137
476530
436766
423025
346501
390149
506861
429469
469836
382960
315591
451295
467565
425109
408026
442287
420478
365951
491005
421780
443037
441831
418796
450253
451685
445529
544146
420158
515499
395800
503908
443311
430352
484795
438844
473937
403737
447264
309591
443834
438773
355458
512587
393209
492143
508595
406860
437883
453432
392970
440492
483941
516209
477660
527201
398895
374638
462733
466219
367157
384523
368375
388363
396175
446487
431657
421796
376110
443176
389328
433152
452694
523055
374611
442407
538386
440180
430645
390773
473805
392486
477629
460736
456662
408184
457976
439745
374476
507500
486105
428178
488950
416051
441526
467706
429310
399181
506552
414117
404357
433596
380680
442677
450879
403558
392724
422710
453074
416856
406598
420708
415575
557470
450714
467228
367356
405250
493750
382717
491961
532921
422352
420250
468324
419612
401521
376899
379463
415511
490212
527347
430418
346815
407013
422791
393466
418389
501304
459041
485329
445905
450093
356119
472947
410117
500462
378799
465065
422550
364358
564592
444520
452105
374292
516609
526039
481182
416146
490578
512149
446682
451470
438501
451729
509126
428936
405357
422516
379242
416444
476574
385937
408990
441613
476715
453467
480250
358792
420565
463188
488531
439731
466081
414366
444773
492729
464132
455964
474951
464532
393003
387564
459528
484638
395134
497519
379500
369756
381988
478911
402530
490303
398876
467354
487005
545815
511309
440212
441967
529169
350983
476184
460418
553560
451353
433586
408711
385000
465355
371385
353855
458727
413352
407717
474730
393139
489039
543452
438047
383441
385325
391125
508367
469419
467303
440806
429850
440556
475916
407112
385524
467699
395725
509567
443248
395240
467109
393790
428399
452759
529779
524073
387126
428921
439069
439770
470783
367632
503073
314537
485380
447943
496917
434832
428634
404252
414871
428252
472799
483823
432566
368308
462143
513708
465134
383377
479323
355002
446962
366787
383997
489183
427043
387812
490107
461026
355352
513381
394608
470873
473770
466289
539523
422954
412920
490577
478434
385388
477738
387705
446279
413893
432643
374558
404365
509570
410295
387828
410739
497171
473357
415761
487928
428653
463851
404218
374778
473160
486187
410906
442830
458311
436604
391064
456532
379709
495554
449821
499966
484804
474219
436900
445907
418774
427156
415865
382571
502216
364941
417156
419471
430616
528516
368437
412366
460714
479934
447807
449675
406779
373300
390918
371304
538914
430805
460243
425550
496019
386201
403807
419329
383864
451931
439902
524101
464123
441790
426335
543361
459084
438142
445418
360807
449197
527872
401559
503169
450143
463644
521156
368026
471082
472310
380360
433998
456301
526629
433132
532021
420344
543907
473650
482377
401555
450256
518901
412729
443353
515686
383720
443336
444791
465242
392093
466772
371462
422748
441114
397962
505115
492132
443435
451089
501961
435278
486966
463587
425169
503094
389520
449630
480007
401110
459098
427603
422642
344843
496168
464773
460741
450562
447188
471299
403567
429275
398233
428245
398900
406559
383160
487184
357529
420749
387186
424205
466608
416860
505394
407919
368678
435022
435023
442384
377103
450565
495017
395586
429258
427532
430573
436407
460633
450661
417500
455036
529207
405130
461434
402713
446096
439569
346013
462948
459139
461516
491738
420946
339577
448526
354204
478737
419370
406069
446746
449238
380035
483245
442886
433403
340855
516777
450714
363424
534299
431657
452314
459699
451821
410652
393134
471791
464108
446660
532702
363626
385286
398146
419132
476852
388485
485067
465418
472796
383873
424367
390207
430020
424157
392952
398864
354327
390803
476586
531069
400263
335344
432938
494300
426223
433802
386219
439561
365287
479865
525650
455451
473117
465327
509519
525472
414253
445484
452639
417695
421168
352652
456482
415069
396979
444848
409815
387071
424514
394217
442042
433375
466350
497783
464386
539073
459786
406282
451969
455694
346287
411219
392652
343538
540400
488449
504016
556162
376762
455107
471506
466488
506956
403026
448857
545357
501933
413210
365133
461813
454536
398640
463099
470268
430867
399386
443295
467904
462427
484767
380795
452503
439693
535973
469274
398524
454014
414515
483267
468272
472030
476381
571624
423720
413976
513798
390733
370349
466127
467520
458947
403445
492123
423792
445430
473334
494946
408458
477541
385051
411219
577482
435257
503091
492617
502470
426031
459351
491050
442682
399843
467897
359260
477170
483404
494847
451799
414026
418735
386275
465221
329772
541268
435099
422377
469615
451678
467022
504757
490622
480853
500924
463784
505686
344602
455687
483276
463091
453215
444047
443722
419197
501720
393472
497570
439205
477134
443356
455743
426530
408152
400589
458394
497791
476624
496750
399754
462245
437151
504138
516266
500597
393214
420194
497953
358786
392099
369832
442316
452403
498216
437417
422801
500113
423170
504586
390836
413611
430944
414910
412481
461284
345072
524956
345509
413852
367319
433175
566856
367018
468880
458827
472332
456852
450184
432008
490199
448967
467097
451556
422246
414088
412375
464999
460767
494286
425955
397873
474350
428299
512421
374214
465438
446967
471940
444320
438057
354234
411947
333011
320389
494729
383270
340739
444377
445632
515727
511074
468423
442020
355725
364222
438525
415415
437462
417278
384129
447384
384372
391035
450550
449803
457589
494315
493070
404621
436812
445201
534223
483906
518480
491627
377057
415869
441895
367045
461622
425640
457262
531241
465217
485216
444694
443945
434407
552642
373031
567608
485244
492087
396522
470437
486001
409902
396360
446945
528997
446517
452383
440999
486941
458633
454968
459117
366729
565128
351202
418438
474842
454448
404249
395744
437640
419457
511018
493430
351451
442856
436172
475730
479958
417429
518867
410349
361810
470314
546559
544946
406359
374388
402547
466532
401795
477189
417971
408337
470038
383170
405032
507253
463242
498200
423601
448279
378034
498026
464761
438321
494696
494341
356985
400066
467381
353429
367059
461412
459018
429199
467509
369062
451685
452461
514462
410186
386614
447058
407995
514981
470661
389574
433078
425447
363052
482905
497732
430339
567177
424792
391309
466161
428500
447126
469627
398824
462364
495115
525928
479621
449265
410140
427911
449734
420566
433955
362936
425635
464279
490957
426266
438408
451345
443210
505458
440730
490487
466257
366502
511178
397789
455566
371658
453652
489061
416598
484058
495740
518103
409642
467814
450621
394363
431268
470882
444184
468546
381166
502618
402459
435560
430580
368442
428649
435938
385487
417105
436541
376137
425109
466724
408326
443178
577645
411471
437972
477932
470362
472553
487050
439779
459817
382529
432608
530377
386480
404254
446963
440818
383646
559180
502847
431790
467647
466452
401715
396220
467963
479949
304542
436866
480740
417708
361321
542311
444039
442848
514300
462641
504908
439380
525294
419507
463648
432579
466494
433075
407259
464699
388883
421875
434968
443994
515005
486034
426967
534650
551256
480040
364401
377822
434241
472831
379281
475840
477412
439647
410358
410472
484029
439392
508622
416739
435254
380056
418727
351050
436258
450473
484944
411395
396573
450283
460453
454489
503954
440178
462750
401421
465741
476698
423904
400653
444263
431512
439930
381871
491308
369299
509361
413527
379403
433472
422533
405488
411951
479580
470797
528678
473398
462510
368201
479412
508629
467496
431341
551642
463260
493834
449013
433795
480595
321224
338057
494824
333227
419284
421797
502141
459792
383440
408936
370866
377144
502866
387806
407228
469069
493420
446874
393304
414044
387044
417611
452638
427903
423081
514212
479725
458064
472364
511835
559354
508573
510271
439983
440320
462162
363984
428704
530972
374618
498705
490450
462075
466704
381409
403546
390614
476961
455000
429569
332123
423020
430097
375636
473861
346296
597875
495527
434095
481764
420469
362536
434704
373287
420153
404382
450303
410865
359358
440158
424349
461351
399436
472053
442535
381911
443115
435258
410752
411153
426280
421678
464844
488447
442856
398032
476257
364013
403208
432616
406431
398311
482239
407778
462961
424273
478595
482023
493414
497023
499265
442525
510282
362805
460862
475016
405986
423890
403386
392093
509816
437981
405831
396875
419454
429925
452251
435571
543814
410031
458199
434231
519509
464786
422454
522843
467998
454287
485954
434923
484947
515489
495692
374694
489172
507950
420406
485981
451262
446620
453301
483150
539826
416074
468542
360586
420044
344184
479413
422271
438347
469810
472590
557459
417872
464687
427162
383533
455134
514005
377104
392984
446544
403222
475336
491606
522547
440042
450062
535431
418432
432980
350999
456933
431340
429964
445085
532935
542688
506887
464335
481858
428919
397709
404783
377609
354116
394688
415463
413892
436668
446281
410145
446131
431093
460799
396597
426464
448796
479067
497452
436955
523546
448107
371132
458705
428474
396273
441875
464314
341908
491429
483411
428565
394514
450667
340398
369219
421589
530384
427514
483162
486904
353349
361175
423221
447747
412382
443392
406708
481672
490836
476017
392107
461327
438450
530567
389204
431512
388310
417310
400308
500226
336683
398020
366826
442782
374435
440194
477348
464238
448184
460964
418184
374531
363683
433624
499946
453148
383649
512643
409126
411309
480891
455650
418918
422284
447519
496305
335251
394372
377012
512520
412593
418147
446701
481232
403071
393652
457095
426242
460416
481597
465158
376387
463930
466480
492552
464314
379356
387435
462390
511111
387468
424199
426347
517774
457572
389971
412817
417611
438261
410210
504498
458950
416708
441612
435368
383895
411465
510135
409505
467315
500462
341192
366941
420549
447538
478382
478556
508849
410693
448671
465322
467520
389397
463519
394229
528615
459606
500373
373614
397470
433375
373960
444229
488501
360372
393377
431676
520903
434527
473893
389647
417510
470940
396386
383323
459308
399070
451917
418018
469601
479001
459774
468953
519379
438251
472266
428469
454695
380404
436898
422873
393662
473399
492099
391992
424568
514583
476262
483498
356396
446111
430930
429356
388139
538974
428097
427215
418176
475980
444464
479480
428083
390191
463785
511743
410441
449707
422716
476431
525674
486231
426035
432860
486064
412197
477924
425983
461424
502291
525591
406710
393896
440398
442308
391007
415548
465935
407972
517363
403778
389327
392030
455752
395757
451254
450449
482464
417151
455739
401944
493342
374866
455541
466648
437982
419060
470439
449605
396114
459002
391259
398966
524258
475000
398491
428594
408730
496736
434866
472843
400596
463969
484789
443563
475221
486552
447213
450732
446983
385948
403053
439728
440306
509152
543086
503319
476470
512141
535720
570968
433420
480574
463954
407689
490016
452634
377688
417795
393536
488364
491349
444010
400442
409363
526882
467071
455109
523807
445375
420478
459366
536542
495561
513414
356454
401648
498402
425540
460482
338621
443973
482761
405344
391382
449778
420362
401316
498708
495000
447477
490519
473248
444593
367357
555411
496475
337502
439757
466263
370274
424906
403114
451071
465097
446437
447852
416514
423812
345804
443554
357496
362993
504940
454811
369513
465390
367207
487525
385184
428229
511056
509565
412185
427453
546623
516893
496938
414171
455174
443025
481297
436653
528333
437825
398743
454560
543096
411658
447634
439277
383351
481750
546910
402829
424890
390271
470247
474700
544794
438362
505663
397804
396259
431526
443902
353268
420168
452196
440466
476710
442484
370434
406573
447667
475083
457043
374196
496927
490391
486873
422526
488106
437392
420493
472646
514044
439908
442716
423571
435469
461770
530435
452430
445232
402590
508038
404945
378707
484311
417148
417286
382981
524701
454213
421789
385380
405694
418884
476874
435130
493612
458751
330718
362577
478763
449468
409804
388922
455902
421479
451977
489329
482742
558589
403375
368682
491707
460870
409285
396048
495648
433465
503429
406526
434629
395270
401523
361868
500161
467163
551938
491280
532811
432412
401278
467106
406739
414236
493817
487019
476165
464015
444960
402649
463917
374742
491219
440444
497420
429066
382484
400484
441496
397029
426081
362517
452859
477950
465768
434459
476761
496272
464419
393646
538127
407670
415375
357511
372857
412925
426973
446217
431140
358583
511351
450421
369470
437619
422054
597875
419724
501243
507487
477216
447104
485053
445940
459204
390902
524549
490771
372825
359970
490434
463320
372217
479083
435398
428444
457489
483050
457480
485907
423615
384418
452360
509729
341873
424994
439698
485618
428058
495869
465038
500609
525228
376213
486400
397518
409694
471173
398716
433173
463729
426250
402214
501171
443909
390897
445251
429827
464487
417056
475172
464049
479882
427979
373482
521186
441778
545896
315976
559996
365994
404838
428869
459101
465015
352145
451435
504401
444592
409200
472136
537793
422311
365235
542130
392113
510392
461787
440204
503043
466752
415685
513349
448469
494202
425785
588985
348560
485643
376310
452461
424611
481004
489682
478923
446273
481615
402843
473580
477432
497811
523094
383782
452195
438760
477408
440432
444532
451164
407424
475328
495601
439174
426305
422230
462107
490724
452122
387876
408326
424967
427438
545931
405500
354673
441645
485092
513148
494580
436171
435735
482172
502361
501097
415109
430736
490235
395609
391773
392812
383116
401805
423608
457847
475976
425513
411025
391776
433833
444985
514386
433093
410289
406013
411830
438167
465763
438769
543473
433381
404304
428734
407820
472656
430132
476489
497555
387879
462692
486671
382688
544924
454766
455378
521433
445275
451138
378203
439566
422875
433741
445937
447479
484620
430589
468410
386062
413959
421462
413618
438409
427578
450477
423315
469784
426687
502800
419464
482690
422715
496298
397149
501938
444045
440888
394800
536189
371066
452003
445186
370865
440385
455501
469735
332043
562940
520175
417016
437259
534900
455048
497618
457661
442867
403533
475366
438547
520246
511917
444468
472587
391690
503761
452035
400949
458399
362034
476487
371780
338297
456550
376245
397686
528301
