279099
279150
306258
296444
299914
268139
273400
297562
290152
308065
310233
309167
284318
320500
312255
316843
293600
287181
330356
310984
328334
305365
307768
325513
349443
311921
281905
307375
318905
338740
316740
326671
346716
309797
336454
306594
351400
335648
309087
328813
362360
347402
333477
321024
307898
282025
368535
365080
348475
319985
358451
339037
359567
320277
328041
384925
394779
370205
336978
313275
320998
338938
331647
348926
305185
355425
377399
330322
358909
324886
369721
415133
337493
367795
346170
321051
420994
319515
351021
328696
293595
339854
384644
332622
358234
295857
381037
391567
416768
311875
310860
335375
332344
323504
312282
371633
327761
316039
332476
346053
320426
344549
356153
373387
324496
370264
313944
308845
310164
315500
416860
328014
344053
351321
379793
336304
410754
316359
326417
334152
312000
329894
313549
354712
384466
314970
369363
364017
338403
356460
351032
352022
337979
327945
321947
343364
405738
339861
351771
316240
432023
418211
334917
378719
281001
338525
326547
358425
353401
346053
351168
362310
358910
321090
416968
349771
385998
405978
329359
375755
354072
338462
407105
355944
403771
355619
350929
326249
342102
343437
309463
404152
413292
311538
355652
343294
334864
320617
321482
367920
332733
324065
299582
317279
389432
416722
446383
342204
332992
327393
352085
362249
358850
311563
348407
371734
335448
361078
317563
357810
323217
356213
357640
347632
351946
356959
439016
333082
324658
356021
332477
425580
390905
328195
375393
352050
374032
451838
366009
299564
430327
338210
338946
356373
378546
313221
336266
429094
337572
344236
358627
378398
351013
372152
359020
402037
361299
446220
330420
290081
342540
365720
322754
446826
351810
384148
361966
322087
384966
309551
426470
381555
373981
371573
386832
358838
322458
410096
437556
415331
346856
359643
413712
341082
333029
351101
327264
367836
358362
376550
332930
342484
353142
334932
411472
414016
390754
433085
360469
390327
366893
331621
368775
381666
283476
342094
434746
363438
323416
361207
376304
365289
434276
347652
335235
302553
386258
321055
418268
330818
379309
362651
388140
308425
418673
375900
365412
318000
321426
325539
319161
336312
350622
369855
372280
374981
435969
378589
444591
392705
456326
335629
351001
387080
378893
361733
438738
409621
365580
446155
381973
388341
393416
288270
358788
413843
359632
356539
313916
314714
434734
388042
362601
376909
360920
354121
342108
351455
351267
384291
354264
358031
400411
361074
328904
363210
381187
321907
377766
380583
355760
436454
309714
326962
362205
433128
384811
312882
317819
378696
469884
387532
370812
340862
341860
379772
348976
389739
352522
340393
366479
446051
349222
351103
405984
352375
335293
351997
382603
400996
388899
383245
434535
416401
388160
464196
378925
379574
376811
470140
414974
339313
402087
290400
379809
363343
332044
354115
341857
377553
341167
337149
388601
344613
373153
374979
424759
329003
459507
364471
397032
383705
431766
418377
351181
435411
417556
341579
385655
351541
386780
458137
369956
373540
342044
347912
370715
391418
378070
390389
355512
434107
376272
318946
409759
345624
394612
379969
344764
396166
400758
368714
402886
362037
341389
405623
299568
343216
379114
370831
324417
373589
408753
381831
287188
345016
327859
356687
374199
391452
346124
302604
336308
351527
385769
322544
400260
377317
363317
365769
455606
349369
375893
351331
462916
339571
441617
366807
352463
362920
360021
376534
344320
368136
379338
334405
337373
387014
329974
362669
386014
367821
415817
414052
411575
383098
418091
354113
348201
372239
384526
360980
328903
381067
350212
425003
371847
285093
330186
328958
364043
363429
373788
407855
362542
442142
297264
383964
321770
387793
367451
382274
402517
361180
420600
368925
311515
352538
392052
380762
303858
362573
295898
370108
408982
380007
401376
437986
385183
468634
353245
376813
376118
343016
370016
376780
378965
426843
350064
343258
446491
316703
348595
367115
357852
434050
396616
356735
341369
386781
281809
385723
378380
450910
311630
364867
388852
362578
394579
395851
347908
494857
352893
352885
397273
340354
388581
340030
372746
337341
346449
404137
331158
340307
346409
424247
408274
358502
462721
409394
384567
384018
394125
376266
319764
373951
378571
392269
368007
406344
378992
286168
454942
369583
399781
439851
365910
317824
390401
358676
427795
415296
383944
387033
466288
326956
365920
363683
389041
352925
413032
322375
329042
335691
287189
454848
405634
388160
352711
436690
425268
342873
377329
369418
387046
423701
362039
386128
360520
423484
384422
331875
319722
421377
416027
406272
373758
315200
385641
370469
325756
394442
342394
317519
483564
295947
482478
395804
389017
356175
381426
306168
380173
389107
367482
339983
380622
346638
356633
445063
399994
331645
335515
393701
372760
386900
323213
425313
318533
372699
446233
380775
366591
346616
350424
392459
370529
344730
348108
352340
402472
396539
300152
421392
462441
358082
511546
397498
352116
320225
372319
353323
349602
455247
455366
355126
490745
389930
307649
328635
334563
363035
365334
382355
298797
446167
348680
355437
344206
368446
384672
380606
355455
393506
390128
339928
477882
371097
397174
348760
424989
384322
363872
311830
445710
377196
360920
355446
325699
449995
430669
348606
344841
435748
364142
443061
378295
341386
365230
388176
373891
404837
399379
469390
347327
385117
409994
295810
387921
422146
394800
325851
399760
321778
381737
417055
352701
442622
432628
349548
311041
311918
446176
391417
501039
373181
430068
359139
374627
330852
474454
405076
315333
379606
380942
423898
411631
317927
450261
453529
381342
416081
393698
492616
397255
393696
333120
342306
345624
461703
346217
377891
393900
428318
389574
410961
450356
359280
344588
417531
420314
435895
401578
440529
348932
353547
382696
412116
385038
463342
341223
394253
356353
319663
377711
383017
387733
374201
378138
390625
349975
411993
361321
327876
337681
395562
349969
384060
385171
357832
371791
443656
398569
386298
353913
417453
369270
328012
390834
340907
373536
419770
442674
380790
404549
428218
342344
391331
326055
406468
360392
437085
447899
396339
314994
346209
386019
375268
398788
406494
343135
468132
377772
371499
348661
447304
390202
358535
346781
363746
444756
386960
353970
358789
394329
396096
386515
362976
408517
350407
431241
348558
371738
416108
424015
394724
407823
438543
326163
397540
358355
348689
473768
398034
455559
303083
340512
332352
375221
370410
388902
341291
450349
417500
473878
361415
339152
396564
384287
352866
391657
341243
382117
328019
387046
317911
396323
442450
402645
370343
409600
307380
354404
463790
383848
351451
437115
314586
429766
333621
330903
398745
420689
358090
367031
423602
449449
378578
367907
388101
353007
392296
377407
351916
440610
387691
377747
368574
319463
319436
513366
396358
390816
346930
317820
371076
485619
341912
373688
492132
410532
353774
459944
384065
414687
417115
468507
413572
415475
384077
429503
401094
364385
341904
382853
352650
417442
395522
340937
410728
386472
361199
348771
415521
396313
366759
406543
363906
386612
374413
374868
361842
401115
401836
374575
397829
399684
365150
506936
385842
388650
429866
444648
460529
350214
411779
338373
466108
347966
365459
456938
312367
444212
391406
368657
391738
351126
324530
393200
411102
438048
462687
335942
391022
431566
355882
374682
436235
360075
343573
405590
429411
414407
398503
326001
372188
455315
377525
437539
417704
342333
351367
313955
375588
342933
381100
332917
424442
356879
341797
423705
327367
388847
353160
450996
393440
323018
351821
465929
351192
374078
381925
411450
441447
363115
349631
370065
395576
390120
410714
335891
377771
420268
365452
411742
321113
369342
442536
373714
396501
390574
399462
343001
401446
369961
376722
352450
410236
335126
374143
342292
393724
471632
370465
416510
500095
473730
407597
390238
382532
376074
357066
373517
402345
339109
447910
447010
387264
361305
310975
460200
402873
398265
391671
369449
355335
434129
336059
379637
336813
371865
391879
393268
421591
401679
435725
343673
365941
301070
416008
338851
344934
478658
388737
414313
346655
345790
472257
374725
348940
385338
425141
447898
319706
400898
347403
447969
378077
346716
397063
434577
322631
383017
418794
375418
466531
385734
405719
493513
379625
355505
369031
393288
481188
405463
350163
333292
387739
390782
389967
354835
364475
405476
413818
376430
417005
416947
378466
332087
389363
372004
420292
405798
515703
337076
363984
427774
378478
325516
440413
341784
422341
369591
415592
343650
344537
372655
380969
328614
428146
403263
361627
342220
407997
393907
384650
450369
438785
379082
357064
359280
340035
446882
443008
415684
378378
365396
369040
360923
341548
356076
348456
372256
354438
356754
430136
355204
372215
413216
363848
485295
418426
378312
371972
401705
458217
433493
408826
343311
375777
387876
343156
423884
339270
357661
385612
309098
413727
387533
413198
371373
443521
354445
339270
346546
437112
356469
479086
393132
382412
392679
347387
438429
332181
480114
354169
408665
393255
425263
414071
346618
369884
417810
359184
353003
378995
335032
421099
430986
417785
400003
430738
392693
390428
370398
410010
397607
357420
366388
348149
327843
387209
439992
377049
392928
352646
391565
372931
398725
366976
378553
449079
417288
319145
386477
388135
425158
352759
343675
365654
373641
337037
415588
372933
407826
351002
451868
387121
435731
370610
462356
359366
418605
345527
376715
365477
375700
425897
432315
413426
364859
346165
456227
335993
389756
329994
395527
381486
444305
443771
371897
458711
336575
423023
397977
367989
417802
390453
425736
360116
357767
367987
397523
399866
312622
384322
341915
443467
388087
407055
319916
338635
392967
403305
406391
309359
370815
427997
345997
398901
330051
347571
390243
400060
425719
369749
443188
364360
399308
285705
378647
471507
384816
356789
375830
409517
380307
354256
380414
314602
372862
427731
342771
413410
449420
383982
287727
389793
374407
306992
416189
402749
414547
382844
357142
312877
391219
432574
353864
398315
346097
424335
454256
438574
308452
466299
354646
375622
333891
373378
400302
385018
393587
396536
486209
385913
348704
405284
368285
454045
424025
345024
366448
351353
337520
410553
408283
476001
378607
478402
401369
373380
392703
353781
408857
422918
357142
350308
345780
399048
426638
457335
424057
383440
484339
494367
380153
374967
333884
381190
405626
494820
391067
405897
318807
473422
339164
405203
403846
442258
501032
470754
390375
366897
492935
417104
417455
365003
454303
312071
355732
335491
459932
393974
369595
375551
356505
410070
400781
364445
377223
397049
380870
375766
316998
357358
319230
367417
399536
365915
371391
359448
463356
429380
384307
418407
389799
435556
392009
413950
353822
346195
363838
374985
402000
363571
387688
379038
347163
432382
371388
383371
394697
354301
346808
412115
453089
377127
430530
443936
390856
493196
394663
405307
430129
416482
474189
375013
393039
336472
336106
407538
378424
355543
322153
456968
411388
411431
302916
498824
419860
436245
372633
405657
438119
377385
440648
369994
414908
427910
347223
411264
514222
335623
394175
458683
334212
426017
291508
445727
521191
398399
463074
379362
334244
339808
341475
436011
373935
350310
420106
374085
454611
338118
395831
382600
349753
440840
477068
357155
360568
415104
394083
358868
353673
319242
404818
374727
423340
381511
472986
400663
311910
343040
431742
417002
423088
429583
327016
385288
355940
358952
392143
361754
356715
404787
362276
315602
384480
464300
403177
420233
397817
377589
364766
442543
404679
402558
402558
346200
443714
383516
389919
459115
394242
438776
331347
365054
357240
456489
404050
357040
519389
438255
355828
307550
366731
366677
531524
391231
354138
320465
378300
361403
436485
390271
364525
475069
381692
362311
487266
388289
385633
502730
396410
426119
398580
379518
404702
362125
361778
363613
444908
460206
440527
418137
381797
464253
424830
414247
342101
399633
373827
347186
382674
412278
322656
298605
406992
368567
412210
328286
446254
340850
315706
365759
337965
372019
459679
394555
353610
390532
388731
372553
382259
434181
364729
344556
426353
365256
343933
438157
465779
500063
343142
333533
389467
407311
340616
430687
441192
429003
380527
437850
386102
464560
356659
420130
531524
496887
374085
356571
329527
324424
323581
324869
366025
384946
355947
388800
425791
367739
356125
352803
357602
371844
434977
520933
345661
375576
359886
363117
419538
363340
470616
356746
403808
369002
409692
444099
429557
347118
432551
505035
385546
372007
456929
404030
349569
373470
420506
396869
453898
419027
475386
398733
397089
384043
357174
370872
398735
435894
419609
402986
396377
390037
341100
363291
367713
357407
338439
423829
370773
370297
356862
371540
414153
310555
406862
367402
411533
424474
382973
364397
390762
421669
438012
342351
406122
429483
405982
379527
369924
398857
364282
436283
389211
392222
458280
374950
412495
428649
384664
417984
337858
454841
362483
384473
434978
400526
448432
327339
409445
409462
357767
432235
393631
349748
383934
471563
402917
388114
394944
332004
326656
380288
386521
409366
416570
391539
393181
337179
387715
376946
354684
346012
430434
413212
409781
391427
409602
345024
324571
423347
470086
378395
374181
390220
381648
515669
384711
398611
447009
355007
367565
449492
377114
365616
440099
383947
406455
425326
382512
390417
345109
445886
478172
379013
359824
408488
433559
377415
442663
421206
358175
455635
358730
409732
377183
393507
395829
468067
385973
453821
315297
444958
403798
384196
332199
324582
329420
409608
440572
365605
429288
339604
426522
358235
401229
481572
363161
522089
364589
392600
329380
371781
331344
406705
372338
403480
355496
399237
398057
474141
398867
410725
404993
448307
342405
473330
387114
515767
364879
447342
382167
401549
414999
366896
500378
373387
420426
344455
355179
422023
454979
380364
326119
372981
390022
414596
382897
388077
409466
357560
402344
395561
421607
426824
311874
404110
466582
445780
462635
481376
409580
396670
386756
358709
385351
396951
