333117
333168
360276
350462
338234
344077
349338
373500
344170
362083
348553
363185
360256
374518
366273
355163
347618
367873
384374
365002
404272
359383
346088
363833
387763
392613
357843
361393
399597
392758
397432
380689
400734
363815
374774
360612
389720
416340
363105
382831
400680
428094
387495
375042
361916
357963
406855
445772
402493
374003
396771
393055
397887
374295
366361
423245
433099
424223
390996
389213
359318
414876
385665
429618
359203
409443
415719
368642
412927
363206
408041
453453
418185
421813
400188
359371
459314
373533
431713
367016
369533
378174
438662
386640
396554
376549
461729
472259
455088
392567
364878
389393
386362
377522
388220
409953
381779
354359
386494
384373
374444
398567
394473
427405
378514
424282
352264
362863
364182
396192
497552
382032
398071
432013
418113
390322
464772
370377
380435
388170
366018
383912
367567
435404
422786
368988
407683
444709
376723
410478
405050
406040
391997
381963
397885
381684
444058
393879
405789
370258
486041
456531
388935
417039
335019
419217
380565
412443
407419
384373
405186
416328
397230
359410
497660
430463
440016
459996
405297
414075
408090
392480
461123
409962
442091
409637
404947
380267
396120
397455
363481
442472
451612
392230
409670
381614
388882
374635
375500
448612
371053
378083
380274
371297
427752
470740
484703
396222
387010
408085
390405
416267
412868
365581
429099
425752
389466
415096
371581
438502
377235
410231
438332
385952
390266
395279
477336
387100
378676
410039
386495
463900
429225
382213
429411
406068
428050
490158
446701
375502
484345
392228
392964
394693
416866
367239
390284
467414
391590
420174
412645
416718
405031
410472
413038
440357
415317
484540
384438
370773
396558
419738
376772
485146
405828
438166
415984
376105
465658
363569
464790
419875
454673
425591
425152
412856
398396
448416
475876
453651
400874
413661
452032
395100
387047
405119
407956
421854
439054
430568
386948
423176
391462
388950
449792
452336
429074
513777
414487
444345
442831
385639
422793
435684
359414
422786
473066
417456
377434
415225
430322
419307
472596
385972
389253
340873
424578
375073
456588
411510
433327
416669
426460
362443
456993
414220
419430
356320
375444
406231
399853
390330
404640
423873
410600
428999
474289
432607
482911
431025
494646
373949
405019
467772
432911
415751
492756
447941
419598
526847
420293
442359
431736
342288
412806
452163
440324
437231
367934
368732
515426
442060
416619
430927
441612
408139
422800
389775
405285
438309
434956
396351
438731
399394
367224
417228
435205
402599
431784
434601
409778
474774
363732
407654
416223
471448
438829
388820
398511
459388
508204
441550
409132
394880
422552
460464
402994
443757
406540
394411
420497
484371
403240
405121
444304
406393
389311
427935
436621
439316
427219
459183
472855
454721
442178
502516
432943
433592
430829
508460
453294
393331
440407
344418
433827
417361
412736
408133
395875
431571
395185
391167
442619
398631
453845
455671
463079
383021
540199
418489
451050
422025
470086
456697
405199
473731
455876
395597
439673
432233
425100
496457
423974
427558
422736
401930
424733
472110
416390
444407
393832
472427
414592
399638
490451
426316
448630
418289
398782
450184
439078
449406
456904
416055
395407
443943
375506
397234
417434
409151
378435
427607
462771
420151
341206
425708
381877
410705
450137
445470
422062
378542
390326
405545
439787
376562
454278
431335
417335
419787
536298
425307
451831
389651
501236
393589
479937
420825
406481
443612
414039
457226
425012
422154
433356
388423
375693
441032
383992
443361
424334
421839
469835
468070
449895
437116
456411
408131
386521
410559
438544
414998
382921
435085
404230
463323
447785
361031
406124
382976
418061
401749
427806
446175
443234
480462
377956
437982
397708
426113
421469
436292
456535
399500
458920
422943
365533
406556
446070
434780
379796
416591
371836
424126
463000
434025
455394
476306
439201
506954
407263
430831
414438
397034
424034
415100
432983
465163
404082
381578
484811
370721
402613
421133
438544
488068
434936
410753
422061
440799
357747
439741
416700
531602
365648
418885
442870
416596
432899
476543
401926
533177
406911
406903
451291
394372
442599
394048
426764
391359
400467
442457
411850
394325
427101
478265
446594
412520
501041
463412
438585
438036
474817
414586
373782
412271
432589
430589
422025
460362
417312
340186
493262
407903
453799
478171
419928
371842
444419
412694
466115
469314
437962
467725
546980
402894
419938
417701
443059
433617
467050
398313
404980
389709
341207
493168
459652
442178
406729
475010
479286
396891
458021
450110
425366
477719
416057
424448
414538
461804
438440
385893
373740
475395
496719
460290
412078
369218
439659
408789
379774
432762
380714
371537
564256
349965
520798
434124
443035
394495
435444
386860
434191
427427
405802
394001
434640
427330
410651
483383
438314
385663
389533
447719
426778
425220
377231
479331
399225
411019
500251
434793
420609
400634
404442
473151
408849
398748
402126
406358
456490
450557
376090
459712
500761
438774
549866
473436
406134
400917
448257
407341
403620
493567
509384
431064
529065
443948
361667
366955
410501
417053
419352
436373
379489
526859
387000
393757
398224
422464
438690
434624
409473
447524
470820
393946
558574
409417
477866
429452
479007
438340
417890
387768
484030
431214
399240
431384
364019
488315
484687
402624
383161
474068
418160
481381
432313
417324
419248
468868
454583
458855
437699
507710
401345
439135
464012
371748
468613
460466
448818
401789
453778
375796
420057
471073
406719
480942
486646
403566
365059
365936
484496
445435
539359
427199
484086
435077
455319
411544
512774
485768
396025
460298
419262
462218
465649
371945
504279
491849
435360
454401
432018
530936
451273
447714
387138
396324
426316
500023
400235
431909
447918
482336
443592
464979
504374
439972
398606
455851
474332
474215
455596
494547
402950
407565
436714
466134
423358
501662
395241
448271
432291
400355
431729
437035
426053
428219
432156
428945
403993
466011
415339
381894
391699
433882
403987
438078
423491
411850
425809
481976
452587
440316
407931
471471
449962
408704
429154
394925
427554
473788
480994
434808
458567
482236
396362
445349
364375
460486
398712
475405
486219
477031
390932
400227
440037
429286
452806
460512
397153
506452
458464
425517
402679
485624
444220
412553
385101
444438
525448
425280
407988
434727
432649
476788
440533
416994
462535
431099
485259
402576
452430
470126
478033
433044
461841
476863
406855
451558
412373
402707
512088
478726
493879
383775
394530
386370
429239
451102
469594
417229
488669
455820
554570
437353
393170
477256
438305
406884
445675
379563
436135
382037
467738
371929
450341
480770
440965
424361
463618
361398
435096
502110
437866
405469
491133
395278
483784
387639
384921
452763
459009
412108
405351
461922
487769
416898
406227
442119
407025
446314
453345
405934
494628
468383
431765
422592
373481
357756
551686
450376
429136
400948
393758
425094
523939
422604
427706
530452
464550
434466
498264
438083
468705
455435
549199
467590
453795
438095
483521
455112
418403
395922
436871
406668
498134
449540
394955
464746
424792
399519
424709
469539
434633
420777
460561
417924
440630
428431
428886
437780
455133
455854
428593
451847
453702
419168
587628
439860
442668
483884
482968
514547
430906
492471
419065
504428
423904
419477
537630
366385
524904
445424
406977
472430
431818
378548
447218
491794
492066
543379
389960
445040
485584
409900
428700
490253
414093
397591
459608
483429
452727
436823
380019
410508
493635
458217
475859
471722
423025
405385
389893
413908
396951
435118
386935
505134
410897
395815
477723
381385
442865
407178
531688
431760
377036
405839
504249
405210
428096
420245
465468
479767
417133
430323
424083
433896
428440
449034
374211
431789
458588
446144
465760
375131
423360
480856
454406
472439
428894
453480
423693
455464
423979
457414
406468
448556
389144
428161
396310
447742
509952
451157
470528
538415
512050
445917
444256
436550
430092
411084
454209
456363
393127
501928
501028
441282
415323
386913
498520
456891
478957
445689
423467
409353
472449
390077
433655
375133
425883
445897
447286
459911
439999
489743
397691
419959
377008
454328
392869
398952
516978
442755
452633
400673
399808
552949
413045
387260
439356
479159
501916
400398
439218
428095
501987
432095
385036
477755
488595
376649
421337
457114
429436
504851
424054
459737
531833
433643
409523
444969
431608
519508
443783
430855
413984
468431
444800
428287
408853
418493
443796
467836
430448
471023
455267
454404
412779
427683
426022
500984
444118
554023
391094
418002
466094
432496
401454
494431
395802
476359
407911
469610
397668
398555
426673
434987
382632
466466
441583
415645
396238
446317
447925
438668
504387
477105
459774
437756
413298
394053
485202
481328
469702
459070
419414
449732
414941
395566
394396
386776
426274
408456
395074
510828
409222
426233
467234
417866
523615
456746
416632
425990
477643
496537
471813
462844
424003
429795
441894
397174
477902
415208
395981
439630
385036
467745
441551
451518
425391
481841
408463
377590
384866
475432
410487
517406
447150
420732
446697
428079
492447
386199
518434
408187
489357
447273
463583
468089
427310
450576
471828
413202
407021
459687
415724
475117
469306
471803
454021
484756
446711
444446
424416
448330
435927
411438
420406
402167
408535
441227
478312
415369
446946
406664
429885
426949
452743
420994
432571
503097
455608
373163
440495
442153
479176
391079
381995
419672
454333
375357
469606
426951
488518
389322
532560
441139
474051
424628
516374
440058
472623
399545
415035
419495
456392
464217
470635
467444
418877
384485
510245
390011
443774
410686
449545
462178
482625
482091
425915
497031
390593
503715
451995
422007
471820
444471
464056
414134
438459
422005
451541
453884
366640
438340
395933
524159
442105
461073
395854
419327
431287
457323
460409
363377
424833
482015
384317
452919
410743
423509
444261
475998
506411
408069
497206
445052
453326
339723
416967
509827
465508
410807
414150
490209
434325
408274
461106
368620
411182
481749
396789
451730
487740
438000
363665
443811
428425
382930
470207
456767
468565
421164
411160
366895
429539
486592
434556
452333
400115
505027
492576
492592
389144
520317
408664
429640
414583
427396
438622
439036
431907
450554
524529
439931
402722
443604
444223
492365
478043
383344
447140
405371
418212
464571
488975
514321
416927
516722
455387
427398
431023
392101
484795
461238
411160
431000
399798
453066
507330
511353
462377
437458
565031
532687
460845
455659
409822
461882
459644
533140
445085
459915
399499
511742
393182
459221
442166
496276
539352
524772
444393
420915
573627
471122
471473
419021
492623
366089
394052
373811
498252
447992
423613
429569
410523
464088
481473
445137
431241
451067
461562
414086
355318
438050
399922
421435
453554
446607
452083
413466
501676
467700
464999
456727
443817
473876
446027
467968
407840
400213
402158
455677
456018
417589
426008
459730
401181
470702
425406
421691
448715
408319
400826
450435
507107
415447
468850
482256
429176
531516
432983
459325
484147
470500
512509
413333
447057
390490
412044
445858
432442
431481
376171
510986
449708
465449
356934
537144
458180
516937
426651
459675
476439
458077
494666
408314
453228
481928
401241
491956
552542
389641
432495
497003
388230
480035
345526
484047
559511
452417
501394
433380
388262
393826
395493
490029
412255
404328
474124
412405
508629
376438
434151
436618
388073
521532
515388
411173
414586
469122
432403
397188
434365
399934
458836
455419
477358
435529
511306
454681
387848
397058
485760
455322
461408
467903
402954
439306
409958
412970
446161
415772
410733
485479
416294
353922
438498
502620
457195
474251
436137
431607
445458
523235
458697
483250
456576
400218
497732
437534
443937
513133
432562
477096
412039
403374
411258
494809
458068
411058
557709
476575
409846
361568
405051
420695
612216
429551
408156
374483
458992
415421
490503
444289
418543
529087
435710
416329
525586
442307
439651
541050
450428
464439
452598
433536
458720
416143
415796
401933
483228
498526
494545
456457
457735
518271
505522
452567
418039
437953
427845
427878
436692
466296
376674
352623
461010
422585
492902
382304
500272
394868
391644
441697
391983
426037
540371
475247
407628
444550
469423
426571
420579
514873
445421
382876
480371
441194
397951
476477
519797
554081
397160
387551
443485
445631
378936
469007
479512
483021
456465
518542
440120
545252
410677
458450
585542
577579
428103
410589
405465
405116
377599
405561
420043
438964
409965
442818
479809
421757
410143
406821
395922
410164
473297
559253
399679
429594
440578
417135
457858
417358
508936
410764
457826
444940
463710
498117
483575
401136
470871
543355
461484
426025
495249
458048
403587
454162
458826
450887
492218
457347
529404
437053
451107
459981
411192
424890
452753
474214
473627
457004
434697
444055
395118
417309
421731
411425
392457
477847
424791
424315
410880
447478
452473
364573
460880
421420
465551
478492
463665
402717
444780
475687
492030
396369
460140
483501
460000
460219
450616
479549
418300
490301
443229
446240
496600
428968
466513
466969
460602
498676
413796
508859
416501
438491
488996
454544
486752
381357
463463
463480
411785
470555
447649
403766
422254
525581
483609
442132
475636
386022
407348
434306
424841
463384
470588
472231
447199
391197
441733
430964
408702
400030
484452
467230
463799
472119
447922
425716
378589
477365
524104
432413
428199
444238
462340
553989
438729
436931
501027
393327
405885
503510
431132
419634
478419
422267
444775
501264
436530
428737
399127
526578
516492
417333
413842
462506
487577
415735
480983
459526
438867
509653
412748
448052
431201
474199
449847
506387
439991
492141
395989
483278
484490
464888
386217
405274
367740
447928
494590
446297
505226
393622
480540
438927
455247
519892
417179
560409
445281
468538
367700
425799
385362
487397
453030
457498
409514
453255
478749
512461
437187
464743
459011
486627
396423
511650
441132
554087
418897
485662
436185
455567
469017
405216
538698
427405
474444
425147
393499
502715
508997
461056
402057
426999
444040
468614
436915
442095
447786
411578
483036
433881
459927
480842
365892
442430
504902
499798
543327
519696
490272
450688
440774
412727
439369
450969
500075
401311
462082
432901
449566
497937
408194
460973
436231
459265
446608
476146
473253
436914
414316
472403
487456
436879
533183
439563
477897
518570
480226
435706
502567
509859
496939
411797
448163
399800
444680
401204
453241
452059
484561
498905
440302
433833
565787
497948
402202
407056
432888
429858
454424
456539
492897
482303
523217
444813
401730
421656
469761
441674
408596
392375
410102
420000
455315
478543
434216
420712
398266
439954
461660
400056
464847
471185
494074
527298
449100
423113
414905
448038
445796
419637
497546
490193
440692
463648
480420
399956
425989
464812
480742
434591
398095
482356
464487
415473
461751
424718
391734
450732
498700
472860
470815
433394
446046
385316
376163
424038
371876
481055
445947
487187
533425
424740
438542
530481
501883
498897
458851
426889
440850
474362
398511
482319
519266
414824
481504
401278
460433
431485
401525
452762
456749
485247
473866
438386
383391
485161
456531
435033
459245
430891
503121
441486
497208
422878
429769
444932
477208
411946
415468
398562
423321
452169
436493
473822
487643
504904
494493
397521
415060
440894
407558
387975
417927
417516
508149
519381
484380
437633
469263
459571
450644
463935
409962
481640
417083
430550
411286
444795
436244
548536
490786
426112
438209
446904
467781
439794
480932
447140
458941
513912
531145
417836
509051
407852
514913
550190
425659
420874
509142
612458
381850
483236
419172
505289
422575
500223
485266
443866
477221
469119
449915
463775
438523
469843
446907
569632
416813
447185
398914
443927
473197
437438
520290
494228
447837
452959
379975
540713
428937
455438
439823
424493
403391
471041
492214
398548
477455
447787
473514
418729
482007
467898
488808
507624
458893
407658
526890
442913
392836
444219
432392
427581
476442
477700
560150
400057
467208
494706
469613
559619
506800
453091
433339
373595
435930
420793
522826
459591
469718
487955
511029
440249
448566
456235
373838
414031
475275
447740
481146
464869
456669
512662
496370
463600
507788
462553
458739
383528
415432
445024
468294
402335
423763
498774
435376
520572
462259
546460
502013
399047
456459
432459
468548
456440
417239
425931
439168
444516
409915
425301
459087
406989
528961
419243
398137
446397
504332
399388
495102
505071
426120
489574
438493
492425
466128
427735
456847
444429
514835
508866
523219
447725
480382
472938
425225
444626
434984
419822
471455
483683
441257
420248
453908
478958
439260
455768
448954
427597
478900
425022
434091
446695
520434
410602
591215
464884
472702
535368
503858
499732
513266
455823
391758
400219
462419
425370
403910
384259
472553
398972
476979
476390
508778
440922
387042
446676
443853
434482
435038
462501
450090
519323
457439
399787
472975
448819
508306
426968
464048
481409
413150
523178
439273
452726
404350
444521
506915
398473
472244
516307
402205
469343
390139
456553
480792
413502
515805
458942
377964
396418
428591
479483
524525
476413
410293
417650
469385
462377
442119
422712
531280
392352
524107
431765
427592
466670
465105
425396
572387
500446
446786
436533
423314
417063
524295
495403
420628
517618
441068
446695
464798
474443
471343
417277
493154
411427
422075
461522
425129
463003
493493
542965
428362
437657
452838
540010
352267
482667
425991
419877
631010
444289
379954
469280
431782
450527
487460
444434
405641
471784
439873
426351
453988
378915
504512
436722
455095
421436
407568
453784
524330
537469
413715
428287
419683
506595
415958
449351
405700
495454
491281
513604
388634
410453
478573
460884
464824
464970
435962
443006
564599
555835
499198
471443
528336
535294
388623
375273
411024
424378
469993
401504
516783
490338
416035
457097
426896
446738
505601
560482
381906
426780
525862
457068
458610
533724
508742
529807
398730
455928
445724
467506
478021
447547
368687
477505
463883
415708
507049
519100
482179
451462
387269
450066
371567
448875
495116
442440
412588
400297
605693
504513
402543
418025
463149
445055
400277
381817
431966
476966
454782
425681
495753
453389
527318
511948
423599
379340
474804
457728
474647
499354
513034
446441
477795
458391
464240
437271
385039
441097
429666
519641
498619
485490
492145
503209
475114
429000
401080
442484
460551
442176
436360
416718
433378
480751
507822
406790
367737
482032
468226
438193
467793
499578
429009
468268
477475
549785
429186
494777
456649
426409
400491
485205
443461
462062
479411
450074
538110
479807
392380
485063
398582
389683
405645
469655
420197
440785
501833
476106
424290
478278
470211
447023
506948
529205
428700
424040
475515
505907
431515
411411
400105
482035
549424
409692
546150
445266
394440
391466
502950
448399
481288
548809
414892
490687
427152
516913
433580
457068
463047
455258
464239
440467
519955
407504
494126
467660
471445
504633
485479
451253
469827
490350
533751
419800
503499
545330
453504
460843
406436
418948
506560
442279
437266
553627
493862
435582
449004
433294
434984
439581
391359
558758
412325
431753
386586
438949
460290
581293
458532
462406
515381
468218
436283
449498
560391
411794
504034
396598
509759
485474
477148
517585
407250
501201
459301
434832
458716
395206
432355
472355
430880
429474
412861
485686
477095
451114
405655
438525
544023
457905
415300
484278
442296
397267
633778
412494
441703
486484
515045
365620
510592
520115
482680
423265
421138
556118
469487
448949
466820
534930
499439
468860
418044
424755
499036
472007
350144
422109
445234
437960
491138
513185
394221
368751
469305
490761
508066
484703
465491
484742
438966
468845
485936
409498
403534
446697
423138
483470
423520
479182
412423
502950
569953
507249
355912
436195
492359
347034
489974
373071
487392
455418
350883
543474
457780
450272
510538
451139
364185
443069
496023
419315
442172
498474
420947
452838
473101
488196
434453
457503
497885
464140
491127
373625
517482
442525
433051
471568
435288
475844
379855
356884
367853
521462
453166
528223
502633
443090
511546
419531
353901
470962
470649
520562
493746
516510
473906
484756
511884
468740
491696
452547
477847
468650
463930
467801
408894
488145
413643
490466
442054
440233
386052
436906
464168
454082
373669
464967
536469
511668
466502
529230
499063
417738
415996
426151
468003
392082
493842
411650
539222
427213
416994
400819
436479
441201
491241
440737
443390
532623
430617
466187
427296
417646
471592
513238
418932
489403
395147
455241
477804
507829
462154
471460
521793
392336
452557
588073
399809
479300
544685
441742
468864
415535
481038
471578
412599
501860
454485
468613
527928
461122
437995
425505
462271
455433
501047
424406
426468
422843
494208
443998
414862
389922
513985
463194
498760
515292
528037
423505
511175
422634
427556
488778
415043
432455
398246
425945
486406
438682
419071
458892
483220
365344
438696
463400
504434
500723
451013
391965
459614
455739
467863
404604
403193
452240
468308
433224
449405
421097
568416
441552
401990
443999
449286
402064
477374
538072
466282
430369
464210
420055
409637
502679
454233
424271
475245
431398
485440
447139
400186
418913
511476
553400
425012
405187
493424
439294
478638
514964
422790
413612
460898
518218
433248
424785
450210
420013
435843
382973
543710
374606
380422
475615
516123
382900
478731
350773
509287
402075
430936
430050
480954
444188
392866
423290
443485
470827
444730
391659
514575
454451
405819
510960
423738
459532
520292
408446
359990
474012
461817
430657
394818
415185
379804
432401
496300
429270
433776
445980
488072
411288
494240
419798
455957
445565
537323
514274
450737
382149
556392
514358
450982
419927
469550
533381
561855
504913
381087
489647
491750
400635
485934
432108
465242
455192
425805
440297
414728
498809
494261
422965
429357
494168
545889
386870
472977
407720
430591
435037
487644
393900
528049
475159
463235
531132
428557
389996
441432
442601
489037
398065
464807
459290
475004
460490
426571
438733
527071
475361
455928
454652
465803
423611
440238
340547
467334
440983
385578
405128
391206
423413
430395
412118
425021
404615
444245
447887
481778
458165
390730
453358
512082
460862
494235
363247
401108
464551
419304
417970
438022
449615
388666
546921
457857
467770
510802
417107
422599
458085
468831
403607
411055
454419
453419
457885
457532
441952
467459
531649
395088
455520
488008
472024
426506
481435
495906
467883
485453
490387
533877
452162
376637
448199
428398
425574
422262
389764
435927
514252
409263
567250
532303
406302
421957
452586
441645
524579
429098
472687
444417
428559
519025
441299
506263
421642
475795
492870
474141
446016
418096
424399
465231
511348
435700
433639
480424
456230
480959
540759
525037
588249
414281
444131
472106
395790
418396
477794
460620
419997
477253
426053
443208
422233
489869
482205
444977
444123
479547
497633
432606
474264
461115
448034
418010
427677
438369
409400
394615
546216
445239
431505
472607
540802
422028
473223
521743
490052
403553
449801
517801
485725
380013
523733
402939
419418
473359
424286
445242
420139
434511
424219
438998
375324
505960
510467
468073
439773
436980
436127
444023
439213
485702
422709
509591
433123
461590
427451
443915
610094
467322
428202
465994
454029
453394
480281
424455
416229
419704
360502
404027
505356
490070
435524
382674
442292
440427
555157
552854
444291
439265
436374
482307
454239
498666
504992
572308
441693
460684
513334
381331
464116
426464
510151
466125
432778
497432
411410
421784
434436
456842
395549
443675
422716
523416
459925
503248
507624
481648
512224
366303
410426
407387
469734
482416
532029
477694
373084
498571
497774
390033
456854
398834
380837
520341
378606
435921
373603
467669
499770
425468
477342
493668
415937
447781
501637
508522
383382
456376
471886
520392
443579
409974
472443
529542
491188
475896
504645
473044
536438
353018
441532
401822
554701
534243
464461
421599
515111
438131
480774
435978
432858
459207
437442
489274
512581
411711
414836
491850
415018
447093
378205
444811
474984
434822
399378
469529
429714
472658
458630
393276
480701
464360
457909
440224
481711
485730
500789
466153
444648
518116
408786
431420
433363
502400
419330
444632
459400
407883
572611
575643
427216
483669
507288
451581
441582
492751
467983
493528
461865
420884
407993
404627
448670
458457
442543
493453
461499
420660
504235
438240
448254
457589
455589
439479
508034
442976
511250
389113
467578
454446
511965
476877
463454
445396
380726
420927
390003
426930
431863
448897
469126
428466
544230
461684
452770
506159
419596
503313
410004
423886
402731
445085
490091
538263
508704
629924
466985
489460
437143
487977
431377
526360
507675
512422
416831
492913
495068
549522
501287
490403
451671
480578
528974
417858
429663
434563
351909
431346
373749
565935
480294
458910
388963
514503
402520
408023
426723
557182
443252
421577
488138
467157
444957
446022
508296
403814
458338
534248
375885
438941
464739
397293
455453
397112
528934
434542
477502
412596
491436
432678
481319
514921
372336
454638
464671
497819
480957
475279
475714
514422
547440
406520
448614
404611
435616
451378
444895
503412
498469
452739
409159
526926
449917
435459
451562
486738
448079
364248
452978
425612
448284
412040
434080
417715
445831
543590
494339
425085
442392
390147
486731
421728
500405
517409
499830
441196
418922
392916
460171
445183
454151
406651
416947
478524
465747
434003
464212
484611
442694
384330
497654
470213
454923
444467
540883
478396
458338
415083
453505
382025
535670
513806
594952
475443
470940
560082
433466
524318
445994
413889
509717
474646
467104
474425
476405
411257
445769
411301
439183
444110
422499
471942
483279
452925
467233
535980
452209
511347
494484
428272
558160
464147
415624
447823
381226
372733
462245
427657
453765
433887
426034
395892
456210
461266
549996
443319
483439
427972
406006
551400
520835
408299
452222
407600
428773
419695
459377
454831
461945
430017
463448
434848
457540
499139
446728
459544
457253
379722
486092
395189
478447
478236
436609
385602
557200
479836
596217
466672
514228
440421
452604
489390
472253
448770
477777
402592
469055
439479
406805
493469
395351
338223
546254
519945
450593
441253
498147
507975
523366
468110
500352
441764
561068
434477
496093
553716
460405
446693
456848
471351
405557
534448
398927
473097
439120
475593
455120
481594
425672
490057
529667
427134
483160
440989
438294
474862
392750
447448
432128
363291
497297
635556
411910
345059
418050
494133
441347
494966
435436
513467
443545
472076
481056
471047
480487
453102
428127
497602
420414
494326
460668
448557
405175
511219
486894
435033
398693
525013
478354
524451
513186
386678
433700
497911
443067
487570
388694
372880
510040
416317
421058
484617
497661
467552
401326
545915
470895
426723
472077
440357
492708
441271
472123
437440
493395
575062
521977
490879
443864
485125
455425
442033
474265
530677
459716
458802
460298
444826
445313
519058
463209
500421
440965
405949
476400
479415
440429
447448
542762
513296
459981
478656
456508
454859
542818
455110
479592
514862
448947
525404
533868
490657
412859
490109
583698
468068
424177
432987
520493
453197
410254
490389
477881
530693
450935
508418
463838
447896
449228
454049
429789
431900
438492
500802
547015
452595
514075
437765
496096
487565
399677
410374
470479
443757
457406
448371
438078
481420
448619
421028
403514
482595
460497
499414
481896
449406
464186
554196
485144
417825
495027
506449
444430
344707
382550
446880
502945
455358
427849
371090
387134
480430
453798
454428
465783
458792
449791
434212
483190
507879
476944
437339
566465
427944
462258
448482
448383
421879
415480
455026
439050
430403
392491
522983
466828
520108
402879
506500
497266
425874
420618
460446
405458
436279
442929
580995
412706
442247
524642
534936
567101
486696
415368
419774
513254
413543
466985
447586
416339
476610
530541
487227
457651
383492
417925
522464
511834
504557
451561
487996
525691
370545
442725
543040
394154
449510
406430
509675
569222
415878
492012
406347
451462
445280
512500
413818
383903
469295
455500
507570
406065
449616
457979
487469
432706
535638
473105
460781
431775
467833
455192
389289
466598
481021
529417
534953
449606
475095
405690
489898
529614
571977
449136
463803
453254
456462
538430
512390
476651
454527
500553
428391
486516
500050
518597
537686
504750
466533
472835
578991
489190
542872
431310
443084
422603
440368
426256
528032
540491
458712
473646
443221
408093
521778
500628
493013
428083
433005
397793
453655
418365
422673
448842
428317
478715
420301
463254
437385
399690
449549
434714
494552
474386
502859
408572
438533
467341
436400
529056
530773
379431
399436
430881
472324
465685
435695
456876
484736
473823
447700
466878
431442
473515
479425
481365
593427
521113
460748
437101
466573
396213
440500
543062
450824
493284
414530
501063
471211
449863
476188
476334
442702
501703
469775
458164
386330
443071
534350
425037
459627
534729
492866
482482
441361
420138
496492
420445
457316
419885
557559
450112
411957
431107
508375
538780
477640
487514
390146
474139
522266
526070
497137
459791
439152
472614
486474
536100
431954
413692
410815
503915
404339
458212
400354
502907
528383
457921
576044
417780
449909
415846
402797
416603
488514
509748
369105
560994
408873
378843
480329
451722
522275
487829
438192
469015
465737
582746
504720
423897
498779
395684
414104
471896
486024
507610
438975
448890
437450
471273
434552
410045
507718
434305
418971
452788
450871
409452
499410
430433
454302
431011
443975
433243
439883
427761
507401
597312
520853
390929
430956
402184
541789
379166
467453
509508
449341
532458
443055
447264
417156
514804
504197
484278
430040
474797
454323
422666
360959
375816
410825
490229
512365
499145
460962
475184
438374
419317
399856
495460
440957
528227
425095
401472
475891
436760
384525
430347
456506
457043
433286
523753
503404
431159
454209
451193
499146
496055
425044
458079
650185
467856
413528
561862
576894
481541
403925
405437
593533
553005
409470
481047
430864
432237
444537
422259
432443
444103
521892
515770
395912
466011
477685
531403
507502
415390
433138
528238
441928
461859
431217
521645
448178
395845
385981
445058
494853
439568
433717
398725
463738
485460
563145
429712
466948
453868
441726
354868
453204
554952
509262
533933
486702
408961
474137
504057
434539
486937
409921
466864
470870
465322
480275
443505
532961
458293
420250
509227
407913
483827
460030
448001
554767
529551
425686
413950
462856
488749
486347
474506
527418
532151
463425
514119
563934
461518
447096
383026
467965
402580
442386
497797
540004
533167
425832
399342
405616
405981
459836
438775
487888
562379
485223
420674
437544
531993
407062
485490
557907
457537
487563
471940
487111
416840
478489
531316
426421
404344
439324
405672
408566
444008
436188
371556
487067
403393
431391
487338
522696
504421
479539
448823
474613
511360
396970
503764
530761
430702
436271
414217
504478
385604
353194
423857
491126
470018
411093
514977
525661
496645
466285
469733
488645
385500
520520
529482
420190
478436
389342
482486
436442
431994
453515
492252
509720
396149
465811
497546
581050
479491
560463
396694
471982
469904
484605
458378
410199
494212
411463
435777
485985
544572
543098
409544
406215
458945
430498
451688
519979
455958
485012
462180
448050
462566
421517
485748
428093
451221
448344
494525
442128
443960
432145
389816
481158
502249
438559
436436
433542
405624
378896
417300
495050
506788
505720
517591
425162
475785
418959
429190
445070
492101
489525
508096
442121
457712
613280
433771
492089
487372
470408
408568
467744
494349
464936
433349
479627
466824
467441
438093
513200
405301
482958
483223
521116
401288
464063
504830
501314
501294
352547
572795
461898
509795
403347
507265
554914
526330
481871
516745
481177
443613
465291
486983
474158
454136
608849
439197
421075
429066
478674
409768
425879
455441
463934
451935
454553
449661
418374
411060
451370
497808
406377
408097
442254
538398
472782
451484
471642
499380
487606
420926
533449
461096
462403
506877
510089
455861
491872
428696
443970
450394
409426
449147
453248
445097
424917
504645
518396
414902
514684
447866
568615
539843
465310
370306
471662
440775
430478
496236
431000
400422
538233
543123
378882
418854
521488
458292
417365
508564
521491
431296
484018
458844
483982
512262
476919
484233
441567
494050
419271
495333
456515
464353
475431
457888
398554
456264
384120
427299
531898
445335
461485
477962
470610
422750
487042
394068
527815
543114
509091
435559
516600
510280
462129
419315
425984
553381
462336
424373
489241
570109
448956
448920
520999
410594
467263
401799
475013
433708
456065
548580
390757
496760
459017
440943
386642
434606
421901
553300
421504
503297
376273
432228
469523
461201
378164
485176
486635
537962
466950
524374
433348
435817
435063
537515
411222
518329
507627
517416
437413
524919
488964
490088
483938
508697
520256
395561
409284
528513
497550
448660
522517
552116
514094
487228
411471
436367
475077
450276
449094
549866
496093
407136
447799
468380
468453
507320
512389
410361
445248
451056
440858
461286
535855
568678
480979
472299
473716
456963
532377
464727
404710
463547
370058
472458
449114
415030
443175
450575
519720
440253
428263
485454
598319
505138
491531
441508
383178
467424
438302
392498
531515
378176
486611
390956
488700
468248
440505
449202
490111
507288
441659
452114
412451
513019
481699
493990
453758
434704
491758
434308
550336
429813
454526
514335
501266
386430
397182
423722
508863
480222
443524
504516
469046
462802
454729
479135
457210
439794
437601
463741
456731
448969
460476
494368
546905
441218
449311
384557
400903
445027
436219
489942
482993
468310
398448
407014
496885
435251
442903
383548
440510
501194
526603
430157
394738
413649
493618
518294
491093
395274
450372
531496
441752
453772
446740
493830
446713
420031
480760
493293
470319
438164
466006
433148
510723
533578
467456
359665
437737
373071
579045
441696
466819
432869
552006
495023
478326
442578
479000
450652
469204
487556
508446
434765
647068
475048
439567
420191
482790
471379
420199
524916
455371
438634
507932
443177
491679
526410
567539
439681
469422
421109
464266
463382
510315
533430
481203
513237
524708
469797
453373
392794
451368
462902
463033
404256
499959
522682
424786
573242
475548
449880
393835
482790
466204
412064
435172
459616
455223
435530
459547
500906
493077
472450
440033
484837
428998
529720
571104
418461
541519
454660
460539
404235
406462
514437
521384
416314
407444
383796
447777
425650
550279
507070
441161
469401
501782
484157
477061
487661
475427
450417
445215
515847
444703
545398
467547
421111
493770
487737
452914
490614
436367
460672
457499
496101
432179
462492
514662
514471
488623
487923
561384
439127
529904
433480
489183
415670
446430
440028
494935
403234
452967
403427
467463
504535
401601
415132
416080
420726
584433
378846
515692
484968
467136
505697
489886
459936
389406
412214
440579
543595
481994
423054
424977
487045
501651
402021
498451
411566
527808
505385
489098
441990
479101
493225
456750
450969
429080
527935
488420
474149
435412
523766
371587
587554
394730
428695
475867
363263
449861
422072
451838
426570
552532
506917
432917
472284
475387
486918
407510
527868
409819
449173
484862
460395
612224
364505
417333
437423
508650
462132
468931
518679
429875
460867
434189
506072
449379
378085
443512
422277
527768
506819
449790
496194
464648
566187
540375
489361
495223
478061
551333
432065
457787
480758
429083
474193
508346
426992
482390
446236
401508
470331
432011
409379
520122
478768
508730
410101
510611
463595
524291
504571
502119
427753
398582
437175
399276
487358
434073
483030
452306
399102
521738
463550
444835
422385
568124
462599
394993
587838
423474
464313
556606
424119
554207
461406
509136
446090
391259
396441
485694
387884
449803
444584
550347
515949
427055
424492
389311
391174
474976
402453
460398
418899
490893
373756
552253
446774
504641
476330
563345
451360
430281
471587
507842
434535
445353
509279
408149
445083
422020
452415
463485
419135
460570
398170
481003
429700
517701
544002
425435
438672
481657
488205
411657
449027
568319
476753
467456
485139
404205
475317
456319
496935
433474
439544
457544
479437
501617
453494
443038
412846
521102
508238
505399
448662
394059
491502
460839
391993
488796
519640
462331
505451
577866
451182
490207
519226
458091
443586
440389
439046
558235
450612
549006
385073
399761
431517
474774
460312
473166
564462
420773
484393
435679
393689
505231
483724
387097
502609
526139
526616
508041
488887
388394
429972
511533
421153
544946
456211
465219
421943
424122
497956
384983
498061
466914
487033
593709
515377
463510
463612
510431
433058
468711
443010
494691
517775
519136
407044
531885
448566
475467
474251
496714
450003
441332
459408
490367
400359
412415
473101
511282
513249
480705
450906
418773
461270
498840
486198
455404
402416
535863
430515
485235
393952
605171
480374
434997
459566
528282
449135
452553
437752
401853
440475
541933
436350
539291
523426
448470
417992
517905
398600
522068
487129
432020
465005
447726
460647
469764
454630
477338
469646
462842
382414
451513
440790
497507
430103
439763
468559
442615
490071
500192
459067
468798
465171
548824
438573
496729
493304
444988
439033
422350
465879
510106
453343
481308
454269
439568
472080
408086
484561
406177
515130
554713
548121
441322
511225
491507
393303
524683
449049
526929
445052
485971
467991
510185
474990
437720
523704
413757
441296
435972
595099
455355
430427
478238
421699
464032
568771
441033
451474
453879
500365
371990
491295
485180
467435
447427
441881
408200
379869
424115
461490
407957
529015
418810
485076
463198
444882
461704
464432
506937
520249
487723
479216
521940
564847
432272
460463
386763
421107
502551
383676
471326
446074
444181
430267
425302
508950
424683
453871
434838
430051
449215
454472
354718
520417
402298
538154
378346
526395
443062
459540
452950
474941
569711
445435
520605
471046
423604
496473
555176
389024
492669
409022
451050
493851
495086
449667
461934
451558
410951
439838
439989
474203
572752
480944
395642
442313
499486
402719
503301
490730
476068
432134
533454
487257
454215
491562
421732
460771
468150
463565
450184
402900
447749
529963
430569
503045
448018
370697
383626
448890
528108
478985
528840
551252
478705
539611
492365
531497
454533
458687
464111
425088
433387
465525
445525
515382
458369
466156
476803
396071
522787
475728
527914
421172
410451
418367
458185
475459
423301
467383
454926
469429
431458
442454
432185
416130
494400
489606
498823
508184
490550
421348
498632
412454
558936
516041
475965
466990
586050
446765
456761
546917
493181
511397
408218
408999
487251
551712
453491
442175
521014
465106
382539
450449
465930
410773
447905
417014
413231
409263
452142
423746
491676
398869
566808
444317
526124
403870
469951
469698
530245
457583
498847
445266
525095
492646
502440
467783
412488
484127
478951
438838
509977
497806
423262
428204
439491
510323
513907
536375
496136
453701
444334
537343
411764
411222
461593
385956
610251
459068
422195
441746
433476
429394
431933
473758
491459
427526
452927
524931
440017
445232
421469
452139
417879
413083
483730
455678
450286
443086
446363
498653
471320
479433
464118
526443
417398
442439
524260
489675
433394
427095
450786
501607
472289
409745
554874
461283
449036
452514
448798
492835
475703
434355
469324
405885
497511
447001
475369
477632
479859
480404
496898
497277
440604
463315
449104
560211
438208
467637
432865
479141
409543
539593
456247
472034
388145
496414
437230
410875
471058
584209
504147
434293
610794
515579
498438
477644
437477
515697
380993
413833
389580
503947
479964
467975
523434
491810
567571
471993
430871
459880
456465
465054
432330
553549
422320
432411
505462
447264
521332
518680
618777
516387
471070
392553
409605
409590
493891
544193
455273
429816
410397
449666
485090
531315
472768
410791
469949
494949
482451
463562
467328
436124
441783
498243
458728
447455
402442
535000
440410
505026
464450
471431
440309
435048
512315
501750
464339
468184
483891
406182
467998
471629
372429
347139
463706
451478
409810
466215
541058
520323
531916
462986
500726
415702
567949
494792
469453
474473
629577
429954
459671
466911
448117
495436
403059
432571
458646
470689
430082
480318
480442
474898
502378
460280
474188
424320
521778
421836
418433
509038
440904
426923
423728
484850
497660
460646
397448
514438
408776
451808
480128
450321
434551
477339
384598
575622
558451
509254
433204
502603
460116
506596
598329
452546
452572
422175
483572
425671
495254
494843
503824
422134
445717
452678
489075
470262
536385
394014
414744
395039
523875
433320
456403
445344
461557
431779
519488
424461
469506
456192
474670
545199
487124
474839
521627
441611
428055
427006
532382
402838
478002
493088
408692
512974
411340
387130
412550
486986
521755
499757
448368
464303
433987
487608
554621
532074
492904
400978
486020
496670
470356
493762
468990
392885
463603
501451
462366
478509
456812
530892
522110
573721
482567
428238
460530
373071
396603
382147
458075
460878
457547
497964
500978
377734
385790
404031
491213
426648
515442
520571
419991
441609
401348
527274
435434
428601
416216
469478
523627
503354
401218
434952
388306
427718
397172
452757
523649
499177
459004
368215
495897
417256
444331
459367
461520
451820
451292
514577
483333
478451
464567
447087
522864
478546
484405
497096
502781
381214
382778
508437
514652
436911
529112
425920
393326
500842
424982
446605
364244
530215
467239
531798
435173
402918
430560
416735
460704
536278
407391
581024
484849
472392
478389
440270
540670
408610
491222
535865
471233
422655
404946
504420
495378
435420
427952
510521
490167
586920
466096
435806
392935
486040
555164
511262
397512
512136
462781
502536
441404
488280
468478
397176
408933
481883
544405
394568
443589
451329
394734
495063
436083
487149
543217
411603
422735
465924
447050
444448
526268
439631
480147
417185
586104
480915
441964
464231
445925
443403
473983
547167
472207
443101
427051
495793
424326
505061
542144
449230
523296
418941
479982
428285
453447
507087
483768
447697
433682
440843
483377
502938
513456
477812
504472
436821
504560
398782
396153
435876
451603
456760
455075
527463
428060
477573
477513
483951
489591
506092
438347
407154
541350
393429
469942
516121
482994
450298
430540
443199
505080
484576
465969
450879
391694
494552
503123
429662
588410
522185
418836
430984
483821
598222
472704
425646
397855
482870
518334
495580
424791
538268
401544
445636
425375
377158
435434
517076
498994
527082
532952
419408
471776
475878
475178
566337
415147
476794
530654
523446
515603
410015
438129
417773
447306
409335
375119
435555
440192
435486
426382
520951
403054
498320
489231
466269
397949
467609
446561
493734
468225
442103
521030
494467
489367
527847
488523
462676
520889
406272
406411
499023
488656
496848
577044
467355
472816
449259
517456
509967
469321
449542
451070
457263
440410
460283
413457
414401
469132
500325
476441
438448
481402
536075
488592
474593
465597
489494
520810
499941
484805
481803
479116
449957
433210
399360
493198
444740
484210
497714
488208
433362
413345
465176
449809
533765
469132
421442
498616
470532
497474
444115
408096
463982
377470
349736
479174
468575
506284
449261
477272
451154
428325
427991
473007
384184
428383
474110
419847
535220
405874
439027
414308
476872
561075
453530
419936
440303
484289
478983
464157
466651
461423
544823
420330
473416
417206
547023
484598
431433
492145
468939
428079
533732
477465
461350
491111
515811
563496
453024
395635
530536
384050
376389
434725
421174
460486
484992
386159
457116
394599
473369
473570
470354
506075
520940
469369
551681
513036
448018
413950
429548
456780
470656
474937
503103
445070
433885
387772
484487
469897
437499
486770
402295
505209
527834
454582
460077
385496
469611
458554
467467
454632
410919
495180
445568
498636
475184
491519
497849
460064
492307
388459
508366
429074
384768
402811
471534
512069
467790
482645
483426
456700
516632
563974
434695
492004
444795
457899
404504
438740
449354
458990
484097
463492
528194
470980
432979
493576
465364
491019
540276
524000
467419
412426
418089
415446
448015
399233
547080
487098
478673
432596
427330
439424
483962
447781
457511
411744
478181
451336
371777
470591
410725
465689
405576
407501
508015
511774
519992
516065
468896
473192
435554
403161
518460
435365
448887
478702
419011
585366
498673
362412
428275
518781
478713
479936
411464
484133
481447
501715
582270
427728
480090
435780
415220
477224
439226
474966
411036
522820
468001
464977
484638
448173
473521
414916
420267
471759
410159
567249
424185
489276
478441
436268
525856
436815
483704
418798
474226
470786
493716
479503
425166
427895
448630
484430
508170
379116
493248
434436
424952
426180
428411
465378
429789
470041
397078
412750
433242
431911
449320
412622
468469
442383
487192
496439
434480
478092
415917
472205
402772
457719
442656
457996
452165
391455
426434
479353
530212
388163
470078
429455
497507
511344
428181
440146
508752
445632
410001
480704
465852
348013
473602
478982
517150
413263
468347
406334
411244
435885
453579
449094
427901
368131
519017
488017
449718
502139
412812
483793
481459
519620
421167
442313
485424
422871
483190
439884
471037
487937
451854
511492
425669
466679
457957
403537
407983
517427
423134
518688
435794
460577
446591
492976
506219
419605
442385
482011
357620
424357
481906
508630
444296
441665
471282
509298
432808
438885
564050
513566
433704
397584
567502
492287
437341
403714
446552
481857
477188
486326
397674
518846
438985
453835
472192
434506
526033
454917
428276
439565
496622
487773
410725
385186
456976
435513
459949
398433
479347
489096
385178
449539
460157
529044
495784
469253
455198
474518
371836
472558
498517
409929
543813
447886
447200
465291
454764
508020
413921
416408
408404
480523
453415
474601
502556
494498
454103
468547
410795
431902
461884
483417
428901
388241
520774
506325
452057
475620
517256
496358
412351
471615
400781
548125
429071
531935
466967
497823
445101
455403
472671
587189
425647
445182
445916
429325
572912
384235
487454
403922
397014
442283
445772
443001
460099
480034
415489
474350
485282
436818
387122
492915
432702
472525
509258
458048
478081
417225
605156
428370
462296
419714
480740
498663
524613
545587
438627
460967
449301
428327
484510
459209
496174
561170
490406
544698
442023
503946
435800
489782
526101
443444
442712
468248
541875
422748
433149
414603
447924
474949
471535
528476
446318
512997
459638
478908
464282
492623
456666
490775
487651
506970
428262
438094
457619
504140
513256
519196
495575
540660
466745
538492
429180
456658
498463
425261
427218
465103
420442
457121
527944
397728
413715
526776
549201
417806
560193
451315
431821
474802
458035
444048
438105
406871
383792
444507
429988
453535
466067
460801
457956
391379
538987
515437
474334
444777
438145
437918
439496
437191
589273
431280
444437
480012
416093
411506
486952
506725
450052
465371
474556
474340
457382
481579
530803
383714
440575
430320
493150
499098
449389
439299
458507
500484
502334
463796
542835
447775
452536
471851
365122
440847
390634
578216
472188
473211
487563
464832
473734
478225
435433
480311
438243
492361
442206
543594
430677
445716
524186
466022
443226
475434
473584
490957
522733
393213
429706
430804
390493
452547
458616
611610
522098
487367
428420
372957
508228
525224
429435
463229
471316
410009
461257
568730
426182
465195
453524
463352
468140
424474
438610
465489
508302
453407
518036
540392
470402
377693
401992
444057
441993
445121
450710
523645
421130
477201
441906
453503
514597
472986
401405
500309
494959
418146
465230
471685
462954
376375
441012
457981
441633
515435
534407
523411
469718
545582
454323
520945
417460
464964
406650
442676
488403
465022
438186
490166
434825
456267
544807
563072
440757
427121
394167
374638
439594
511380
446042
545255
426147
470563
378418
374585
426677
477407
427609
420460
426036
486535
465255
502777
541746
509951
473349
452455
467326
458326
402084
463649
463983
431589
424696
492040
543643
453582
553289
553458
505964
474285
488812
458422
482821
482570
406451
504783
364116
473967
537184
424415
425555
436203
391041
373481
510970
505402
526559
400982
420344
535668
381109
393364
512290
483006
572369
443185
501811
534263
458287
513816
532781
457876
499280
468965
433455
463683
466974
396744
430097
470023
568972
425435
433666
546864
559512
433956
504555
397996
425564
458794
422949
408467
545741
456908
454625
404335
517258
470759
461131
442401
455100
540581
518049
457125
441764
433378
383076
468875
432212
414380
478643
528467
411713
514302
556027
420013
499037
456550
510940
579986
427063
493334
436613
417907
429645
446095
511254
436468
469895
563476
523055
447816
449398
552158
451821
473907
425546
455482
480157
471031
440128
380289
550099
498298
507608
478151
492212
478186
519827
512907
496380
451298
557417
509824
554731
492051
450625
443459
495557
403755
528979
473851
454005
381347
442387
586804
483973
483049
355299
504482
425170
406019
505356
529327
465412
560065
431306
502260
423584
463700
394775
510614
348464
424042
546180
540400
554409
423176
484620
423427
420963
499255
466902
462179
518257
534443
458482
443610
493688
570145
460009
442902
475872
453824
378497
451701
450388
528197
471583
531094
523789
473722
457289
437751
484259
470530
458654
525306
432534
447126
425351
464595
477852
431853
471064
552415
546938
484768
447221
528653
573464
593318
569412
491018
482982
503558
403002
408048
453780
499023
541843
393408
644834
505539
486874
462215
468921
375932
471257
434396
475633
531006
427707
475721
462442
459392
463493
438182
495557
520940
507850
532771
462184
453018
484991
357576
492704
508410
453940
385181
476139
497919
518383
481129
464696
562989
398886
525023
436026
446166
551076
504763
500997
447634
517852
463110
533439
422926
466052
427439
493976
496264
490252
527744
467119
468324
450070
463609
455315
519552
500015
466464
509631
475444
386772
472568
420018
505232
370002
497894
486534
390909
449630
518246
445381
462104
461990
450890
507451
437639
467045
522345
475284
446522
580440
339507
525612
458953
416459
463473
446589
405519
502403
408921
457468
486170
407181
481163
468150
530728
471614
388717
501853
502187
482323
515292
488456
555063
394434
454491
379676
568263
421766
383033
559841
508061
415546
424840
423319
553079
507630
466942
487501
463875
459925
445757
403184
558284
419306
465016
426628
421848
539516
418381
463806
504728
388045
412664
539427
500037
495409
551173
428588
458369
433883
535453
468933
462248
433032
451144
385203
524192
499219
490361
474410
539851
426788
379201
431002
495128
450002
521407
461467
434502
495337
506473
388499
456168
450809
447831
410067
525673
465233
547486
412915
494165
521419
370525
412041
520442
413188
403755
464958
467437
466486
484928
528339
566380
564033
451930
411887
433094
397185
470118
459481
476575
449791
484989
492293
452176
416588
496677
519259
460670
500486
452786
496651
471567
434150
462735
472223
509453
493365
522981
507315
432059
501475
467873
465863
429195
432143
513129
527086
466520
455628
488205
473305
412311
523104
512687
495100
515540
427693
463946
405237
517592
414991
490421
478532
508442
404798
429887
573254
432423
491283
481690
531120
409837
416735
410400
477956
435860
499787
436028
473959
476272
445689
492060
416446
450969
476200
470096
374502
490840
441954
377791
578533
463368
554029
384368
518078
455730
488558
459544
452466
399021
497120
471571
431211
399496
472694
462446
570832
447102
642530
422997
441721
435943
436683
470798
395121
418629
471634
503419
505519
466573
497933
448812
484400
492011
475168
421221
547229
444432
524627
448345
484875
486095
455190
366548
446361
487063
435712
439470
412823
463246
481352
477777
533324
521735
450105
487823
546933
465495
462780
425098
405213
502840
447786
506487
440051
427201
572338
448176
491121
555676
480830
371269
406477
465980
518211
436559
591368
460732
396758
479076
468877
444259
558744
475508
356363
489576
503543
544909
454647
528907
388911
484197
435050
390848
396831
490503
414117
464825
462604
523353
540524
403029
516819
473834
554413
413023
464216
494777
431430
462447
440789
459840
458629
446093
457141
554249
498748
446429
471326
448132
425965
502322
375324
506595
495396
429781
604443
451173
446485
353022
485653
427699
416921
498651
504443
432834
436747
478827
458370
521411
501123
459572
418146
488835
448638
448788
399315
406012
535409
465627
423742
494977
488824
507862
371417
452604
516410
430866
491383
474355
522379
371764
598924
447103
428436
428124
473432
519481
514391
505605
440341
508413
418374
514441
542511
596284
453663
502766
485966
461117
449995
555788
375194
459362
502048
420036
504320
387217
417886
584282
572644
465415
593724
548388
580260
440039
476521
492697
410130
523916
423498
503661
429982
456113
478418
423007
509033
545733
418948
503181
456872
497736
451183
497483
434431
381511
496387
474756
408167
485798
407937
472164
404418
503384
469033
507613
425638
588649
544133
429464
494772
614691
510415
496155
587260
417732
461680
479783
529114
508114
483009
447556
467327
450391
420152
458308
476729
443462
471253
452254
521855
535223
371671
472618
417307
464064
489402
384728
509502
417263
428173
419062
572660
383909
552594
403902
415364
489875
426738
451602
464184
387779
426204
442574
473923
443099
488489
458932
548739
509691
446586
425486
449575
442362
355140
473768
589974
445929
430998
491613
506779
460200
462221
532789
516705
523125
489513
530371
388895
475148
445799
462521
498406
480428
389557
466368
629556
501404
466773
362763
541214
488220
475626
472287
484293
501636
514036
458213
414959
474915
470086
465741
430875
523196
477447
494440
501648
454287
495196
478746
491222
436829
621256
501488
529437
479179
529341
450860
416184
440351
472413
430002
494667
426718
483983
462783
482211
456595
445818
513469
446249
530802
452791
475889
500051
425123
426971
550763
453902
453390
471419
475736
488700
462706
472806
393664
563818
449102
463141
485155
490487
465800
451261
416426
484556
500088
438117
454836
388260
423255
470256
520759
465385
461400
472062
369344
414492
464918
451071
409303
442004
450434
526270
488751
491635
415353
448119
419924
419889
428772
570429
573450
534747
510123
458127
646968
427669
453070
479348
410506
415828
459873
430891
380961
441350
519055
436991
483907
524241
462944
378105
393978
460292
494610
419840
500792
426859
523847
422685
416541
450682
503034
478889
474313
418004
524710
410851
444783
506227
451700
477342
509032
410484
519873
468663
466462
443355
493902
483885
461857
534454
507652
495964
447005
482013
540674
475657
371124
376946
453065
512080
486068
538404
362189
451335
509795
387125
469389
577870
477876
554817
468386
493867
398942
495367
383544
484012
394239
448564
423663
515920
466273
405525
480191
471114
531445
540357
542150
501364
463983
398714
461018
488569
456117
426465
507663
422197
474921
449868
446355
475671
471447
487878
406224
461739
485902
440267
464414
465990
513025
427754
430613
650536
459494
471078
515845
506057
482033
426295
474319
490400
448998
504886
455300
501315
444711
482017
450952
440010
452748
412536
391194
526432
500016
380454
500187
511414
443625
553859
475831
398104
435312
428126
430958
491597
497053
485093
488590
471158
489205
604966
592428
431877
522296
500835
449063
464388
463687
447255
374860
501774
503710
531736
442002
417832
430539
458436
475169
520192
495777
527688
502658
477910
479716
529015
504082
512477
435507
421203
434880
455083
471501
546543
457233
482794
384911
524569
484367
514590
474462
486781
435782
444175
485184
519974
552756
415953
504977
543279
412464
361742
437057
465633
454839
429844
418607
517291
504978
405211
489753
391160
533399
425348
437193
474467
479794
410008
476841
463753
481691
466952
499861
459051
584809
441200
424524
469445
467084
488301
435427
459141
445774
507417
362329
406700
513105
476420
460386
499121
486396
412145
538006
445495
446272
505604
510588
508511
501728
521625
435539
493155
462516
389662
503571
384433
528969
434914
447407
441103
517407
509865
491203
509006
484575
540461
518513
432480
476508
521985
532154
483098
494706
477126
482703
483657
493131
415009
514071
419618
524314
474012
371362
534401
435544
503751
453326
449950
442260
425510
471317
367477
492201
504838
449719
503993
455788
544037
454458
424985
538946
477941
468260
541969
385480
476112
506322
521648
541276
416904
401883
564160
459207
436992
436879
477947
461884
467331
492215
451806
505442
453935
410392
486859
452221
522206
608466
462846
491491
488820
470996
458031
485946
451530
550972
461519
487318
405443
506000
515513
522008
426858
437809
477874
458760
440813
466226
446955
549244
511725
559042
456012
412061
453727
506674
483804
427327
452353
388788
517284
451634
436682
460325
498225
472721
597858
443379
558106
503771
453122
479189
491897
457594
519591
525784
421083
371332
503947
490802
510381
418937
434111
428114
392226
430728
429311
460827
429131
507564
511758
409973
411451
454718
481578
545685
404850
569513
469267
490338
475573
454478
446151
436485
446074
501615
462683
478128
428974
506935
440843
526806
486756
485804
501329
543135
458490
471473
476566
472951
427605
556943
422771
456838
488042
499162
433386
536819
540025
524794
475478
420290
534433
426735
509357
430536
509869
438288
475118
459118
481147
525636
401901
450645
455664
444114
507762
437400
475404
442769
492716
466064
485514
512983
577406
450001
513614
476625
496299
362254
419906
515553
453777
524050
444948
509233
516101
469257
515846
545722
479061
471179
508805
526086
472694
423916
438525
461395
480250
453789
530950
525275
426123
439725
448920
534546
534551
445499
460539
417173
456509
441591
417973
383324
433541
567839
497038
408045
363453
423293
453207
490465
467097
534332
492181
458834
507430
404963
439427
439076
492543
470002
535203
528916
448648
476832
418245
443320
529792
522960
454752
399822
530976
512983
568975
489336
551640
480686
495590
440749
501746
444961
513564
494263
411987
558901
478372
434597
502467
487720
473111
549418
499862
406797
478884
432135
465767
426714
366987
439531
479133
536392
393731
463634
503342
415233
462097
458985
476762
506909
458452
492773
533511
492337
466257
462930
438611
422263
504218
453528
505416
523894
476936
477408
447216
430986
425769
450173
398138
434497
535596
492192
478647
530811
498131
516169
420782
545919
432617
440031
543888
521864
467695
485257
483272
487540
450921
446378
462288
457526
404664
445699
508564
495576
437219
450654
398422
502783
464868
444881
424730
379611
473532
494715
516950
399142
522947
511378
379707
441994
446263
456701
509427
455194
500146
465817
481315
498014
453297
474739
497305
438985
438926
400411
527381
507657
414159
482499
481314
411277
453929
493580
412213
447646
545051
481974
529848
457938
466709
474903
396060
440886
473285
482068
451736
507017
483902
458715
542376
484523
423037
474114
417424
474344
461719
457101
571603
454068
521892
455363
471492
429676
428805
422462
438189
456388
485122
489823
475524
487565
462824
437078
552565
502739
433285
424719
415924
402644
549378
420162
440491
424497
444510
409770
516014
603996
429379
474568
453863
500991
536130
433334
443979
447285
447235
433571
449363
440965
453737
440379
452368
450108
489934
389164
397740
535497
472457
462553
502731
432223
477587
476969
496942
499488
435202
494548
510603
505577
562032
415334
429864
524416
421971
428474
373570
434940
537814
388609
445174
388188
559586
515924
447931
540648
574182
510442
445148
447430
507317
432794
522323
436216
484437
445702
477293
471337
499709
461256
401252
495134
527836
434644
434391
482418
475821
421260
462486
580841
484246
407636
474366
454292
458614
429195
438886
427854
471497
486727
498521
497366
424763
451531
449856
548793
478892
469272
401490
487261
373111
540319
472427
460998
499805
579425
436320
476665
451906
551349
397117
443165
453983
511259
454383
483206
452294
480563
512826
409792
482378
542063
431820
469674
468068
456736
465224
458678
486905
434642
502352
477799
467287
467790
484654
462435
462636
444282
465774
418659
390218
501614
451570
467765
434780
475804
558234
445988
570220
545540
423658
535691
521709
398340
549020
541051
468952
516600
501625
446070
457668
457890
425116
493145
460870
483716
451341
543319
410032
468316
446370
552380
464933
384640
426925
444284
424920
416961
409964
522038
444004
473242
458120
429919
431632
447684
422063
417746
541543
512428
470471
492071
468430
508509
508692
385938
505861
426240
452131
469358
551426
495529
478862
438186
460792
384482
507652
429457
450286
472281
551774
468214
513222
527886
506489
403837
508770
501912
395440
524851
517412
534393
457221
490678
432371
445982
434220
505735
480825
430555
445722
518409
549442
465066
481779
455226
499724
472644
412210
556671
513859
527021
442897
561532
502201
472833
533996
398450
439980
438656
498940
482651
458265
424103
506402
436273
395358
472167
372321
466495
482887
437595
564130
474035
480099
595187
427314
404337
487704
470200
461171
495279
382786
476949
512135
456947
440077
472507
473149
473097
449088
451623
469504
442892
487702
483378
437238
559073
438899
443263
495440
549743
419605
423177
489387
440387
436554
505479
441472
398019
528235
403458
432875
454598
490859
394783
492294
424862
460001
447874
382419
493781
491912
500992
472637
472141
444776
465847
583098
462294
494454
458019
475799
442872
508959
454827
484001
563064
466581
482189
539612
482437
437327
473628
485179
393871
476687
650536
462010
418766
421432
518095
407754
482915
500593
428230
467083
508202
461989
438997
372142
484732
408839
484575
521997
438579
540864
497227
418409
406686
532058
453845
473551
496181
524492
473925
439076
509971
429685
555638
466378
520864
482394
492024
577597
570718
535848
475659
516658
436799
418326
501092
388883
438800
508875
482174
471523
526463
445671
494702
487805
532328
480101
459893
430933
428916
455885
434817
499719
425881
535464
579390
453956
482709
482357
448479
507000
449591
541102
553467
433485
524773
388864
457923
419923
445130
524861
454831
401707
483974
517555
422749
473196
498182
509962
424036
472751
524182
433710
465070
464740
399909
492041
409842
461797
449889
563954
483000
590450
506202
473597
397290
504922
575243
447845
550734
506858
435265
422974
453877
464989
446851
435116
477712
452597
403117
518330
554895
508557
459601
464404
443336
447341
476713
436267
494637
543290
450565
475533
428999
393456
431046
440841
434740
405793
522214
517710
418824
503369
508825
394064
395803
401813
401971
456018
452755
421003
487075
525404
550464
540977
451427
443406
499802
430288
437147
445298
376899
524637
486455
496487
400931
511944
481507
474502
452668
475565
479975
390940
558361
393717
417614
482230
441184
446045
537755
471816
446948
539161
474829
577933
456036
510000
499801
482594
397444
488314
413719
482729
463459
462264
471770
460877
466281
447109
421429
589842
570372
462679
419476
485169
466420
496352
490338
496351
472676
495285
471134
454137
596003
452150
454443
423320
443195
502529
441595
453671
479219
382241
373307
531065
419385
423817
453033
540766
539406
450158
422509
479825
524156
515770
473517
448038
350486
443674
499833
433854
493664
497934
504523
535161
547384
440002
467846
420397
505240
523345
440160
516509
415919
412304
436790
624417
472777
524342
476634
407215
522660
473791
513164
422537
418651
517794
439799
447915
457372
433913
589482
431376
450455
431986
502175
431281
469550
449001
416861
510607
395085
484905
465003
433651
526791
469508
431767
503090
408996
471551
485851
552434
465296
517127
530668
431709
495070
415471
513075
421783
427883
508774
446901
496299
456629
412279
505803
499728
532054
496845
453578
445271
481886
489058
534568
430299
545030
489317
552193
443705
494628
384627
433676
451522
428077
463028
536516
523967
576091
531692
512910
434996
399157
454694
485523
436638
457362
483557
463514
463516
512971
463557
460339
478691
423980
480440
546143
465068
436200
433399
457359
498788
485680
440529
548516
433633
425632
455982
453996
513982
442084
482083
423308
479408
506738
487129
591125
574001
524333
444939
616200
495397
453628
447389
504817
453576
586141
480933
420056
480264
510131
433268
540773
432154
522963
457384
496644
446615
471656
519807
432555
485310
455957
431792
445460
502621
425058
519909
386875
448106
477285
419647
435528
461694
503137
521169
473419
487028
441670
465664
440517
565801
446406
419382
387580
469026
437005
526247
445219
493648
545852
426498
471187
449061
441984
515294
495380
446658
446181
435470
510103
470589
461217
436216
473365
495159
416517
434273
523130
449622
467635
448752
410078
513587
375517
416377
413185
451373
397520
444786
616222
483558
462561
501439
463170
444979
441497
483395
552165
498137
486052
462025
533262
470392
455441
476276
526703
450456
465632
459905
530318
457289
505836
511557
483868
505216
421151
512977
446945
485318
482195
406171
388878
419131
513710
385347
400211
481208
449396
431935
469091
475166
414353
416845
441387
452064
570468
477037
425486
561693
457197
469968
403960
484177
441322
468640
464897
474296
470994
486519
485635
459179
488469
453063
479239
484142
455533
459174
480972
454208
455295
461820
513392
444915
472082
450458
577635
425580
403299
520208
487392
504204
464712
454232
428143
563323
386865
438163
475785
454969
509685
522553
422744
396172
454392
415357
469606
479025
484558
491229
432022
466751
514989
446284
415437
468127
414760
482062
387416
508371
469170
469706
464994
416943
512728
505727
443950
472869
491431
478167
500533
436705
417134
508077
437963
550799
446286
453717
500660
421132
397581
494753
561572
466726
462443
417839
508957
451666
471056
570430
486919
436171
576366
592740
481791
384893
458981
500421
591381
449751
441394
460000
422865
466839
517385
478160
465425
496486
526296
503434
524081
443725
457224
581374
478647
520423
497016
437522
520168
463535
549495
528523
492690
472584
476118
461593
457269
476694
456087
490869
403536
434996
510722
485665
421944
495586
514397
449788
470064
390369
464657
469763
493853
456983
532425
519629
455114
454721
532808
470800
434015
387780
438352
528672
372140
450143
611686
582157
436278
477767
455492
425527
423362
526373
473182
457012
433387
448036
436755
472777
510178
467856
405615
502378
443718
483787
491233
478836
500359
620395
408976
465547
424880
494941
438219
439463
439860
454913
427877
487593
492930
439319
509473
463984
434288
535914
420049
499739
409135
502740
473322
431833
451927
439973
460605
459002
342292
454273
488395
452611
432947
415964
415167
539443
425570
470194
408904
573898
507242
489930
476795
553681
423799
525603
397733
462654
488837
456632
451787
429852
432984
507905
472415
535105
461734
484676
531796
415910
430834
505652
513915
482136
541887
556689
449240
488038
512690
442974
517432
432339
548540
552225
453679
413761
416862
482890
512500
479615
507052
443492
513602
425364
454618
470630
479438
495364
423465
387218
508574
403157
498183
429369
495774
452990
568030
469472
591587
398936
444909
414812
490507
448144
367606
448313
459678
466195
495635
403647
555349
484528
517901
541832
456941
487710
524906
546813
381259
435627
510049
513320
465126
545352
455152
432164
436044
421183
476999
462616
445585
480034
430635
484676
489293
442303
440753
467500
558253
464535
495121
506922
559170
517346
546102
424567
488681
463916
559389
450517
487188
464607
500524
420651
582752
436776
416391
431777
434994
430016
427692
598767
538082
512727
477527
487498
536150
475869
501259
443815
494599
466171
407301
516975
390943
507072
429159
495395
382861
541086
417392
450434
431015
476961
414356
451978
489473
479011
412957
379622
394145
455705
477022
408534
466180
514914
479023
528267
409378
377165
464498
439974
438527
455980
431399
525590
469300
455225
403677
500541
484767
472536
499941
508924
554399
496131
480013
428518
416963
445486
401539
474999
466209
465963
485203
469142
473095
489740
457382
436491
480487
420925
540322
498104
524497
436900
395391
513197
507547
531990
448968
476577
453526
477376
527989
421492
438441
445190
461773
543380
532724
461984
473453
464258
376387
420587
516057
448786
426109
426859
413817
568528
463564
427360
449264
457703
511525
449055
426640
422826
456059
418025
519243
545316
594276
481906
430347
485004
425129
556078
462912
502955
479726
499366
440525
457243
495714
525807
440051
458515
519645
495054
437062
535539
438846
396502
579027
404961
485617
545618
458756
444947
425529
418913
549132
398733
476871
472014
463032
551161
492624
478464
497602
486053
441881
425306
438484
520556
467017
556032
432238
478010
480562
403819
490298
461615
477973
477676
521106
488943
552878
463998
462407
491830
523375
572957
471227
515974
485951
535527
426103
462345
388324
452842
555734
516390
460810
516427
393970
527027
599613
561070
435946
453902
454990
550432
470615
492723
406897
406241
562613
460026
517429
424784
450699
451288
428178
487658
454832
407741
507732
534395
429047
395087
507323
523469
430451
428673
466642
379694
579699
483397
521547
457628
503460
471401
509297
459943
461364
513605
497653
539536
462798
473684
440355
436310
519781
458984
433923
552364
408032
427458
441265
471467
443109
509916
521275
531605
403073
432334
393340
428289
464657
442533
566027
421960
476488
449041
459540
547653
434578
433893
464728
498855
499792
398887
472217
439775
416379
471232
472663
455729
522407
558977
424413
515247
454075
389080
442889
440822
471204
453061
497566
478882
491069
492807
453489
502111
526563
481834
424361
498592
638640
441424
472870
457354
484290
460433
461715
533123
563766
489882
473678
387979
515290
474416
485450
511767
538702
443436
410426
489956
607018
461925
420068
494596
436066
601293
429319
485206
459884
470072
417209
452686
507320
545855
473852
412162
531632
476538
436158
423630
499578
489551
426676
416801
518323
449805
421016
446200
506202
503904
497067
484135
441956
486342
433200
495546
476986
515708
592858
453628
462198
482552
437911
426731
470815
586697
507768
507474
586380
516476
462796
462269
455894
463906
451160
465216
475361
420942
516477
420008
440086
493955
447014
519980
439544
372058
459576
441564
408951
511511
418240
503384
395933
426473
508369
484248
458272
557303
491052
473783
405644
466729
422459
535070
586300
451819
538818
478600
527694
419781
490643
396955
495329
473209
420737
431533
502080
460738
434626
404498
412165
566780
416949
461269
495159
460433
469344
481014
416072
470203
524034
449745
492411
405134
513965
446548
537784
481658
454082
404153
447463
563796
398543
492129
466422
484337
496253
484118
498943
510246
490036
431923
427590
448326
454469
448699
397022
427810
448255
536274
477560
486866
445016
531803
502752
378230
464539
444473
432209
488899
433058
435527
490865
504602
547025
620947
548210
513754
475418
537685
505840
486974
539813
551354
497830
538377
411442
446962
461142
496418
542922
534254
521458
398942
527736
432347
441357
412112
451894
592091
526494
401318
432782
491587
381432
452463
411255
417762
450141
459955
511694
483223
472720
533004
491664
527460
520453
514427
459009
517713
405412
407654
442789
510569
